This is pdfTeX, Version 3.14159265-2.6-1.40.20 (MiKTeX 2.9.7250 64-bit) (preloaded format=pdflatex 2020.1.26)  6 APR 2020 19:15
entering extended mode
**c:/Users/nfswx/Documents/GitHub/PhdThesis/KeNianThesis.tex
(c:/Users/nfswx/Documents/GitHub/PhdThesis/KeNianThesis.tex
LaTeX2e <2019-10-01> patch level 3
("C:\Users\nfswx\AppData\Local\Programs\MiKTeX 2.9\tex/latex/base\book.cls"
Document Class: book 2019/10/25 v1.4k Standard LaTeX document class
("C:\Users\nfswx\AppData\Local\Programs\MiKTeX 2.9\tex/latex/base\bk12.clo"
File: bk12.clo 2019/10/25 v1.4k Standard LaTeX file (size option)
)
\c@part=\count80
\c@chapter=\count81
\c@section=\count82
\c@subsection=\count83
\c@subsubsection=\count84
\c@paragraph=\count85
\c@subparagraph=\count86
\c@figure=\count87
\c@table=\count88
\abovecaptionskip=\skip41
\belowcaptionskip=\skip42
\bibindent=\dimen102
) ("C:\Users\nfswx\AppData\Local\Programs\MiKTeX 2.9\tex/latex/base\ifthen.sty"
Package: ifthen 2014/09/29 v1.1c Standard LaTeX ifthen package (DPC)
) ("C:\Users\nfswx\AppData\Local\Programs\MiKTeX 2.9\tex/latex/amsmath\amsmath.sty"
Package: amsmath 2019/11/16 v2.17d AMS math features
\@mathmargin=\skip43

For additional information on amsmath, use the `?' option.
("C:\Users\nfswx\AppData\Local\Programs\MiKTeX 2.9\tex/latex/amsmath\amstext.sty"
Package: amstext 2000/06/29 v2.01 AMS text
 ("C:\Users\nfswx\AppData\Local\Programs\MiKTeX 2.9\tex/latex/amsmath\amsgen.sty"
File: amsgen.sty 1999/11/30 v2.0 generic functions
\@emptytoks=\toks14
\ex@=\dimen103
)) ("C:\Users\nfswx\AppData\Local\Programs\MiKTeX 2.9\tex/latex/amsmath\amsbsy.sty"
Package: amsbsy 1999/11/29 v1.2d Bold Symbols
\pmbraise@=\dimen104
) ("C:\Users\nfswx\AppData\Local\Programs\MiKTeX 2.9\tex/latex/amsmath\amsopn.sty"
Package: amsopn 2016/03/08 v2.02 operator names
)
\inf@bad=\count89
LaTeX Info: Redefining \frac on input line 227.
\uproot@=\count90
\leftroot@=\count91
LaTeX Info: Redefining \overline on input line 389.
\classnum@=\count92
\DOTSCASE@=\count93
LaTeX Info: Redefining \ldots on input line 486.
LaTeX Info: Redefining \dots on input line 489.
LaTeX Info: Redefining \cdots on input line 610.
\Mathstrutbox@=\box27
\strutbox@=\box28
\big@size=\dimen105
LaTeX Font Info:    Redeclaring font encoding OML on input line 733.
LaTeX Font Info:    Redeclaring font encoding OMS on input line 734.
\macc@depth=\count94
\c@MaxMatrixCols=\count95
\dotsspace@=\muskip10
\c@parentequation=\count96
\dspbrk@lvl=\count97
\tag@help=\toks15
\row@=\count98
\column@=\count99
\maxfields@=\count100
\andhelp@=\toks16
\eqnshift@=\dimen106
\alignsep@=\dimen107
\tagshift@=\dimen108
\tagwidth@=\dimen109
\totwidth@=\dimen110
\lineht@=\dimen111
\@envbody=\toks17
\multlinegap=\skip44
\multlinetaggap=\skip45
\mathdisplay@stack=\toks18
LaTeX Info: Redefining \[ on input line 2858.
LaTeX Info: Redefining \] on input line 2859.
) ("C:\Users\nfswx\AppData\Local\Programs\MiKTeX 2.9\tex/latex/amsfonts\amssymb.sty"
Package: amssymb 2013/01/14 v3.01 AMS font symbols
 ("C:\Users\nfswx\AppData\Local\Programs\MiKTeX 2.9\tex/latex/amsfonts\amsfonts.sty"
Package: amsfonts 2013/01/14 v3.01 Basic AMSFonts support
\symAMSa=\mathgroup4
\symAMSb=\mathgroup5
LaTeX Font Info:    Redeclaring math symbol \hbar on input line 98.
LaTeX Font Info:    Overwriting math alphabet `\mathfrak' in version `bold'
(Font)                  U/euf/m/n --> U/euf/b/n on input line 106.
)) ("C:\Users\nfswx\AppData\Local\Programs\MiKTeX 2.9\tex/latex/graphics\graphicx.sty"
Package: graphicx 2017/06/01 v1.1a Enhanced LaTeX Graphics (DPC,SPQR)
 ("C:\Users\nfswx\AppData\Local\Programs\MiKTeX 2.9\tex/latex/graphics\keyval.sty"
Package: keyval 2014/10/28 v1.15 key=value parser (DPC)
\KV@toks@=\toks19
) ("C:\Users\nfswx\AppData\Local\Programs\MiKTeX 2.9\tex/latex/graphics\graphics.sty"
Package: graphics 2019/11/01 v1.3d Standard LaTeX Graphics (DPC,SPQR)
 ("C:\Users\nfswx\AppData\Local\Programs\MiKTeX 2.9\tex/latex/graphics\trig.sty"
Package: trig 2016/01/03 v1.10 sin cos tan (DPC)
) ("C:\Users\nfswx\AppData\Local\Programs\MiKTeX 2.9\tex/latex/graphics-cfg\graphics.cfg"
File: graphics.cfg 2016/06/04 v1.11 sample graphics configuration
)
Package graphics Info: Driver file: pdftex.def on input line 105.
 ("C:\Users\nfswx\AppData\Local\Programs\MiKTeX 2.9\tex/latex/graphics-def\pdftex.def"
File: pdftex.def 2018/01/08 v1.0l Graphics/color driver for pdftex
))
\Gin@req@height=\dimen112
\Gin@req@width=\dimen113
) ("C:\Users\nfswx\AppData\Local\Programs\MiKTeX 2.9\tex/latex/hyperref\hyperref.sty"
Package: hyperref 2020/01/14 v7.00d Hypertext links for LaTeX
 ("C:\Users\nfswx\AppData\Local\Programs\MiKTeX 2.9\tex/generic/ltxcmds\ltxcmds.sty"
Package: ltxcmds 2019/12/15 v1.24 LaTeX kernel commands for general use (HO)
) ("C:\Users\nfswx\AppData\Local\Programs\MiKTeX 2.9\tex/generic/iftex\iftex.sty"
Package: iftex 2019/11/07 v1.0c TeX engine tests
) ("C:\Users\nfswx\AppData\Local\Programs\MiKTeX 2.9\tex/latex/pdftexcmds\pdftexcmds.sty"
Package: pdftexcmds 2019/11/24 v0.31 Utility functions of pdfTeX for LuaTeX (HO)
 ("C:\Users\nfswx\AppData\Local\Programs\MiKTeX 2.9\tex/generic/infwarerr\infwarerr.sty"
Package: infwarerr 2019/12/03 v1.5 Providing info/warning/error messages (HO)
)
Package pdftexcmds Info: \pdf@primitive is available.
Package pdftexcmds Info: \pdf@ifprimitive is available.
Package pdftexcmds Info: \pdfdraftmode found.
) ("C:\Users\nfswx\AppData\Local\Programs\MiKTeX 2.9\tex/generic/kvsetkeys\kvsetkeys.sty"
Package: kvsetkeys 2019/12/15 v1.18 Key value parser (HO)
) ("C:\Users\nfswx\AppData\Local\Programs\MiKTeX 2.9\tex/generic/kvdefinekeys\kvdefinekeys.sty"
Package: kvdefinekeys 2019-12-19 v1.6 Define keys (HO)
) ("C:\Users\nfswx\AppData\Local\Programs\MiKTeX 2.9\tex/generic/pdfescape\pdfescape.sty"
Package: pdfescape 2019/12/09 v1.15 Implements pdfTeX's escape features (HO)
) ("C:\Users\nfswx\AppData\Local\Programs\MiKTeX 2.9\tex/latex/hycolor\hycolor.sty"
Package: hycolor 2019/12/15 v1.9 Color options for hyperref/bookmark (HO)
 ("C:\Users\nfswx\AppData\Local\Programs\MiKTeX 2.9\tex/latex/hycolor\xcolor-patch.sty"
Package: xcolor-patch 2019/12/15 xcolor patch
 ("C:\Users\nfswx\AppData\Local\Programs\MiKTeX 2.9\tex/latex/oberdiek\hopatch.sty"
Package: hopatch 2016/05/16 v1.3 Wrapper for package hooks (HO)
))) ("C:\Users\nfswx\AppData\Local\Programs\MiKTeX 2.9\tex/latex/letltxmacro\letltxmacro.sty"
Package: letltxmacro 2019/12/03 v1.6 Let assignment for LaTeX macros (HO)
) ("C:\Users\nfswx\AppData\Local\Programs\MiKTeX 2.9\tex/latex/auxhook\auxhook.sty"
Package: auxhook 2019-12-17 v1.6 Hooks for auxiliary files (HO)
) ("C:\Users\nfswx\AppData\Local\Programs\MiKTeX 2.9\tex/latex/kvoptions\kvoptions.sty"
Package: kvoptions 2019/11/29 v3.13 Key value format for package options (HO)
)
\@linkdim=\dimen114
\Hy@linkcounter=\count101
\Hy@pagecounter=\count102
 ("C:\Users\nfswx\AppData\Local\Programs\MiKTeX 2.9\tex/latex/hyperref\pd1enc.def"
File: pd1enc.def 2020/01/14 v7.00d Hyperref: PDFDocEncoding definition (HO)
Now handling font encoding PD1 ...
... no UTF-8 mapping file for font encoding PD1
) ("C:\Users\nfswx\AppData\Local\Programs\MiKTeX 2.9\tex/generic/intcalc\intcalc.sty"
Package: intcalc 2019/12/15 v1.3 Expandable calculations with integers (HO)
) ("C:\Users\nfswx\AppData\Local\Programs\MiKTeX 2.9\tex/generic/etexcmds\etexcmds.sty"
Package: etexcmds 2019/12/15 v1.7 Avoid name clashes with e-TeX commands (HO)
)
\Hy@SavedSpaceFactor=\count103
\pdfmajorversion=\count104
Package hyperref Info: Option `final' set `true' on input line 4421.
Package hyperref Info: Hyper figures OFF on input line 4547.
Package hyperref Info: Link nesting OFF on input line 4552.
Package hyperref Info: Hyper index ON on input line 4555.
Package hyperref Info: Plain pages OFF on input line 4562.
Package hyperref Info: Backreferencing OFF on input line 4567.
Package hyperref Info: Implicit mode ON; LaTeX internals redefined.
Package hyperref Info: Bookmarks ON on input line 4800.
LaTeX Info: Redefining \href on input line 5070.
\c@Hy@tempcnt=\count105
 ("C:\Users\nfswx\AppData\Local\Programs\MiKTeX 2.9\tex/latex/url\url.sty"
\Urlmuskip=\muskip11
Package: url 2013/09/16  ver 3.4  Verb mode for urls, etc.
)
LaTeX Info: Redefining \url on input line 5159.
\XeTeXLinkMargin=\dimen115
 ("C:\Users\nfswx\AppData\Local\Programs\MiKTeX 2.9\tex/generic/bitset\bitset.sty"
Package: bitset 2019/12/09 v1.3 Handle bit-vector datatype (HO)
 ("C:\Users\nfswx\AppData\Local\Programs\MiKTeX 2.9\tex/generic/bigintcalc\bigintcalc.sty"
Package: bigintcalc 2019/12/15 v1.5 Expandable calculations on big integers (HO)
))
\Fld@menulength=\count106
\Field@Width=\dimen116
\Fld@charsize=\dimen117
Package hyperref Info: Hyper figures OFF on input line 6430.
Package hyperref Info: Link nesting OFF on input line 6435.
Package hyperref Info: Hyper index ON on input line 6438.
Package hyperref Info: backreferencing OFF on input line 6445.
Package hyperref Info: Link coloring OFF on input line 6450.
Package hyperref Info: Link coloring with OCG OFF on input line 6455.
Package hyperref Info: PDF/A mode OFF on input line 6460.
LaTeX Info: Redefining \ref on input line 6500.
LaTeX Info: Redefining \pageref on input line 6504.
 ("C:\Users\nfswx\AppData\Local\Programs\MiKTeX 2.9\tex/generic/atbegshi\atbegshi.sty"
Package: atbegshi 2019/12/05 v1.19 At begin shipout hook (HO)
)
\Hy@abspage=\count107
\c@Item=\count108
\c@Hfootnote=\count109
)
Package hyperref Info: Driver (autodetected): hpdftex.
 ("C:\Users\nfswx\AppData\Local\Programs\MiKTeX 2.9\tex/latex/hyperref\hpdftex.def"
File: hpdftex.def 2020/01/14 v7.00d Hyperref driver for pdfTeX
 ("C:\Users\nfswx\AppData\Local\Programs\MiKTeX 2.9\tex/latex/atveryend\atveryend.sty"
Package: atveryend 2019-12-11 v1.11 Hooks at the very end of document (HO)
Package atveryend Info: \enddocument detected (standard20110627).
)
\Fld@listcount=\count110
\c@bookmark@seq@number=\count111
 ("C:\Users\nfswx\AppData\Local\Programs\MiKTeX 2.9\tex/latex/rerunfilecheck\rerunfilecheck.sty"
Package: rerunfilecheck 2019/12/05 v1.9 Rerun checks for auxiliary files (HO)
 ("C:\Users\nfswx\AppData\Local\Programs\MiKTeX 2.9\tex/generic/uniquecounter\uniquecounter.sty"
Package: uniquecounter 2019/12/15 v1.4 Provide unlimited unique counter (HO)
)
Package uniquecounter Info: New unique counter `rerunfilecheck' on input line 286.
)
\Hy@SectionHShift=\skip46
)
Package hyperref Info: Option `plainpages' set `false' on input line 116.
Package hyperref Info: Option `unicode' set `false' on input line 116.
Package hyperref Info: Option `pdftoolbar' set `true' on input line 116.
Package hyperref Info: Option `pdfmenubar' set `true' on input line 116.
Package hyperref Info: Option `pdffitwindow' set `false' on input line 116.
Package hyperref Info: Option `pdfnewwindow' set `true' on input line 116.
Package hyperref Info: Option `colorlinks' set `true' on input line 116.
 ("C:\Users\nfswx\AppData\Local\Programs\MiKTeX 2.9\tex/latex/subfigure\subfigure.sty"
Package: subfigure 2002/07/30 v2.1.4 subfigure package
\subfigtopskip=\skip47
\subfigcapskip=\skip48
\subfigcaptopadj=\dimen118
\subfigbottomskip=\skip49
\subfigcapmargin=\dimen119
\subfiglabelskip=\skip50
\c@subfigure=\count112
\c@lofdepth=\count113
\c@subtable=\count114
\c@lotdepth=\count115

****************************************
* Local config file subfigure.cfg used *
****************************************
("C:\Users\nfswx\AppData\Local\Programs\MiKTeX 2.9\tex/latex/subfigure\subfigure.cfg")
\subfig@top=\skip51
\subfig@bottom=\skip52
) ("C:\Users\nfswx\AppData\Local\Programs\MiKTeX 2.9\tex/latex/psnfss\mathptmx.sty"
Package: mathptmx 2005/04/12 PSNFSS-v9.2a Times w/ Math, improved (SPQR, WaS) 
LaTeX Font Info:    Redeclaring symbol font `operators' on input line 28.
LaTeX Font Info:    Overwriting symbol font `operators' in version `normal'
(Font)                  OT1/cmr/m/n --> OT1/ztmcm/m/n on input line 28.
LaTeX Font Info:    Overwriting symbol font `operators' in version `bold'
(Font)                  OT1/cmr/bx/n --> OT1/ztmcm/m/n on input line 28.
LaTeX Font Info:    Redeclaring symbol font `letters' on input line 29.
LaTeX Font Info:    Overwriting symbol font `letters' in version `normal'
(Font)                  OML/cmm/m/it --> OML/ztmcm/m/it on input line 29.
LaTeX Font Info:    Overwriting symbol font `letters' in version `bold'
(Font)                  OML/cmm/b/it --> OML/ztmcm/m/it on input line 29.
LaTeX Font Info:    Redeclaring symbol font `symbols' on input line 30.
LaTeX Font Info:    Overwriting symbol font `symbols' in version `normal'
(Font)                  OMS/cmsy/m/n --> OMS/ztmcm/m/n on input line 30.
LaTeX Font Info:    Overwriting symbol font `symbols' in version `bold'
(Font)                  OMS/cmsy/b/n --> OMS/ztmcm/m/n on input line 30.
LaTeX Font Info:    Redeclaring symbol font `largesymbols' on input line 31.
LaTeX Font Info:    Overwriting symbol font `largesymbols' in version `normal'
(Font)                  OMX/cmex/m/n --> OMX/ztmcm/m/n on input line 31.
LaTeX Font Info:    Overwriting symbol font `largesymbols' in version `bold'
(Font)                  OMX/cmex/m/n --> OMX/ztmcm/m/n on input line 31.
\symbold=\mathgroup6
\symitalic=\mathgroup7
LaTeX Font Info:    Redeclaring math alphabet \mathbf on input line 34.
LaTeX Font Info:    Overwriting math alphabet `\mathbf' in version `normal'
(Font)                  OT1/cmr/bx/n --> OT1/ptm/bx/n on input line 34.
LaTeX Font Info:    Overwriting math alphabet `\mathbf' in version `bold'
(Font)                  OT1/cmr/bx/n --> OT1/ptm/bx/n on input line 34.
LaTeX Font Info:    Redeclaring math alphabet \mathit on input line 35.
LaTeX Font Info:    Overwriting math alphabet `\mathit' in version `normal'
(Font)                  OT1/cmr/m/it --> OT1/ptm/m/it on input line 35.
LaTeX Font Info:    Overwriting math alphabet `\mathit' in version `bold'
(Font)                  OT1/cmr/bx/it --> OT1/ptm/m/it on input line 35.
LaTeX Info: Redefining \hbar on input line 50.
) ("C:\Users\nfswx\AppData\Local\Programs\MiKTeX 2.9\tex/latex/bbm\bbm.sty"
Package: bbm 1999/03/15 V 1.2 provides fonts for set symbols - TH
LaTeX Font Info:    Overwriting math alphabet `\mathbbm' in version `bold'
(Font)                  U/bbm/m/n --> U/bbm/bx/n on input line 33.
LaTeX Font Info:    Overwriting math alphabet `\mathbbmss' in version `bold'
(Font)                  U/bbmss/m/n --> U/bbmss/bx/n on input line 35.
) ("C:\Users\nfswx\AppData\Local\Programs\MiKTeX 2.9\tex/latex/preprint\fullpage.sty"
Package: fullpage 1999/02/23 1.1 (PWD)
\FP@margin=\skip53
) ("C:\Users\nfswx\AppData\Local\Programs\MiKTeX 2.9\tex/latex/multirow\multirow.sty"
Package: multirow 2019/05/31 v2.5 Span multiple rows of a table
\multirow@colwidth=\skip54
\multirow@cntb=\count116
\multirow@dima=\skip55
\bigstrutjot=\dimen120
) ("C:\Users\nfswx\AppData\Local\Programs\MiKTeX 2.9\tex/latex/booktabs\booktabs.sty"
Package: booktabs 2020/01/12 v1.61803398 Publication quality tables
\heavyrulewidth=\dimen121
\lightrulewidth=\dimen122
\cmidrulewidth=\dimen123
\belowrulesep=\dimen124
\belowbottomsep=\dimen125
\aboverulesep=\dimen126
\abovetopsep=\dimen127
\cmidrulesep=\dimen128
\cmidrulekern=\dimen129
\defaultaddspace=\dimen130
\@cmidla=\count117
\@cmidlb=\count118
\@aboverulesep=\dimen131
\@belowrulesep=\dimen132
\@thisruleclass=\count119
\@lastruleclass=\count120
\@thisrulewidth=\dimen133
) ("C:\Users\nfswx\AppData\Local\Programs\MiKTeX 2.9\tex/latex/tools\tabularx.sty"
Package: tabularx 2016/02/03 v2.11b `tabularx' package (DPC)
 ("C:\Users\nfswx\AppData\Local\Programs\MiKTeX 2.9\tex/latex/tools\array.sty"
Package: array 2019/08/31 v2.4l Tabular extension package (FMi)
\col@sep=\dimen134
\ar@mcellbox=\box29
\extrarowheight=\dimen135
\NC@list=\toks20
\extratabsurround=\skip56
\backup@length=\skip57
\ar@cellbox=\box30
)
\TX@col@width=\dimen136
\TX@old@table=\dimen137
\TX@old@col=\dimen138
\TX@target=\dimen139
\TX@delta=\dimen140
\TX@cols=\count121
\TX@ftn=\toks21
) ("C:\Users\nfswx\AppData\Local\Programs\MiKTeX 2.9\tex/latex/graphics\rotating.sty"
Package: rotating 2016/08/11 v2.16d rotated objects in LaTeX
\c@r@tfl@t=\count122
\rotFPtop=\skip58
\rotFPbot=\skip59
\rot@float@box=\box31
\rot@mess@toks=\toks22
) ("C:\Users\nfswx\AppData\Local\Programs\MiKTeX 2.9\tex/latex/amsfonts\euscript.sty"
Package: euscript 2009/06/22 v3.00 Euler Script fonts
LaTeX Font Info:    Overwriting math alphabet `\EuScript' in version `bold'
(Font)                  U/eus/m/n --> U/eus/b/n on input line 33.
) ("C:\Users\nfswx\AppData\Local\Programs\MiKTeX 2.9\tex/latex/natbib\natbib.sty"
Package: natbib 2010/09/13 8.31b (PWD, AO)
\bibhang=\skip60
\bibsep=\skip61
LaTeX Info: Redefining \cite on input line 694.
\c@NAT@ctr=\count123
) ("C:\Users\nfswx\AppData\Local\Programs\MiKTeX 2.9\tex/latex/lineno\lineno.sty"
Package: lineno 2005/11/02 line numbers on paragraphs v4.41
\linenopenalty=\count124
\output=\toks23
\linenoprevgraf=\count125
\linenumbersep=\dimen141
\linenumberwidth=\dimen142
\c@linenumber=\count126
\c@pagewiselinenumber=\count127
\c@LN@truepage=\count128
\c@internallinenumber=\count129
\c@internallinenumbers=\count130
\quotelinenumbersep=\dimen143
\bframerule=\dimen144
\bframesep=\dimen145
\bframebox=\box32
LaTeX Info: Redefining \\ on input line 3056.
) ("C:\Users\nfswx\AppData\Local\Programs\MiKTeX 2.9\tex/latex/xcolor\xcolor.sty"
Package: xcolor 2016/05/11 v2.12 LaTeX color extensions (UK)
 ("C:\Users\nfswx\AppData\Local\Programs\MiKTeX 2.9\tex/latex/graphics-cfg\color.cfg"
File: color.cfg 2016/01/02 v1.6 sample color configuration
)
Package xcolor Info: Driver file: pdftex.def on input line 225.
Package xcolor Info: Model `cmy' substituted by `cmy0' on input line 1348.
Package xcolor Info: Model `hsb' substituted by `rgb' on input line 1352.
Package xcolor Info: Model `RGB' extended on input line 1364.
Package xcolor Info: Model `HTML' substituted by `rgb' on input line 1366.
Package xcolor Info: Model `Hsb' substituted by `hsb' on input line 1367.
Package xcolor Info: Model `tHsb' substituted by `hsb' on input line 1368.
Package xcolor Info: Model `HSB' substituted by `hsb' on input line 1369.
Package xcolor Info: Model `Gray' substituted by `gray' on input line 1370.
Package xcolor Info: Model `wave' substituted by `hsb' on input line 1371.
) ("C:\Users\nfswx\AppData\Local\Programs\MiKTeX 2.9\tex/latex/listings\listings.sty"
\lst@mode=\count131
\lst@gtempboxa=\box33
\lst@token=\toks24
\lst@length=\count132
\lst@currlwidth=\dimen146
\lst@column=\count133
\lst@pos=\count134
\lst@lostspace=\dimen147
\lst@width=\dimen148
\lst@newlines=\count135
\lst@lineno=\count136
\lst@maxwidth=\dimen149
 ("C:\Users\nfswx\AppData\Local\Programs\MiKTeX 2.9\tex/latex/listings\lstmisc.sty"
File: lstmisc.sty 2019/09/10 1.8c (Carsten Heinz)
\c@lstnumber=\count137
\lst@skipnumbers=\count138
\lst@framebox=\box34
) ("C:\Users\nfswx\AppData\Local\Programs\MiKTeX 2.9\tex/latex/listings\listings.cfg"
File: listings.cfg 2019/09/10 1.8c listings configuration
))
Package: listings 2019/09/10 1.8c (Carsten Heinz)
 ("C:\Users\nfswx\AppData\Local\Programs\MiKTeX 2.9\tex/latex/setspace\setspace.sty"
Package: setspace 2011/12/19 v6.7a set line spacing
) ("C:\Users\nfswx\AppData\Local\Programs\MiKTeX 2.9\tex/latex/graphics\epsfig.sty"
Package: epsfig 2017/06/25 v1.7b (e)psfig emulation (SPQR)
\epsfxsize=\dimen150
\epsfysize=\dimen151
) ("C:\Users\nfswx\AppData\Local\Programs\MiKTeX 2.9\tex/latex/fancybox\fancybox.sty"
Package: fancybox 2010/05/15 1.4

Style option: `fancybox' v1.4 <2010/05/15> (tvz)
\@fancybox=\box35
\shadowsize=\dimen152
\@Sbox=\box36
\do@VerbBox=\toks25
\the@fancyput=\toks26
\this@fancyput=\toks27
\EndVerbatimTokens=\toks28
\Verbatim@Outfile=\write3
\Verbatim@Infile=\read1
) ("C:\Users\nfswx\AppData\Local\Programs\MiKTeX 2.9\tex/latex/epstopdf-pkg\epstopdf.sty"
Package: epstopdf 2019-12-09 v2.10 Conversion with epstopdf on the fly (HO)
 ("C:\Users\nfswx\AppData\Local\Programs\MiKTeX 2.9\tex/latex/grfext\grfext.sty"
Package: grfext 2019/12/03 v1.3 Manage graphics extensions (HO)
) ("C:\Users\nfswx\AppData\Local\Programs\MiKTeX 2.9\tex/latex/epstopdf-pkg\epstopdf-base.sty"
Package: epstopdf-base 2019-12-09 v2.10 Base part for package epstopdf
Package epstopdf-base Info: Redefining graphics rule for `.eps' on input line 485.
Package grfext Info: Graphics extension search list:
(grfext)             [.pdf,.png,.jpg,.mps,.jpeg,.jbig2,.jb2,.PDF,.PNG,.JPG,.JPEG,.JBIG2,.JB2,.eps]
(grfext)             \AppendGraphicsExtensions on input line 504.
)) ("C:\Users\nfswx\AppData\Local\Programs\MiKTeX 2.9\tex/latex/algorithm2e\algorithm2e.sty"
Package: algorithm2e 2017/07/18 v5.2 algorithms environments
\c@AlgoLine=\count139
\algocf@hangindent=\skip62
 ("C:\Users\nfswx\AppData\Local\Programs\MiKTeX 2.9\tex/latex/ifoddpage\ifoddpage.sty"
Package: ifoddpage 2016/04/23 v1.1 Conditionals for odd/even page detection
\c@checkoddpage=\count140
) ("C:\Users\nfswx\AppData\Local\Programs\MiKTeX 2.9\tex/latex/tools\xspace.sty"
Package: xspace 2014/10/28 v1.13 Space after command names (DPC,MH)
) ("C:\Users\nfswx\AppData\Local\Programs\MiKTeX 2.9\tex/latex/relsize\relsize.sty"
Package: relsize 2013/03/29 ver 4.1
)
\skiptotal=\skip63
\skiplinenumber=\skip64
\skiprule=\skip65
\skiphlne=\skip66
\skiptext=\skip67
\skiplength=\skip68
\algomargin=\skip69
\skipalgocfslide=\skip70
\algowidth=\dimen153
\inoutsize=\dimen154
\inoutindent=\dimen155
\interspacetitleruled=\dimen156
\interspacealgoruled=\dimen157
\interspacetitleboxruled=\dimen158
\algocf@ruledwidth=\skip71
\algocf@inoutbox=\box37
\algocf@inputbox=\box38
\AlCapSkip=\skip72
\AlCapHSkip=\skip73
\algoskipindent=\skip74
\algocf@nlbox=\box39
\algocf@hangingbox=\box40
\algocf@untilbox=\box41
\algocf@skipuntil=\skip75
\algocf@capbox=\box42
\algocf@lcaptionbox=\skip76
\algoheightruledefault=\skip77
\algoheightrule=\skip78
\algotitleheightruledefault=\skip79
\algotitleheightrule=\skip80
\c@algocfline=\count141
\c@algocfproc=\count142
\c@algocf=\count143
\algocf@algoframe=\box43
\algocf@algobox=\box44
) ("C:\Users\nfswx\AppData\Local\Programs\MiKTeX 2.9\tex/latex/amscls\amsthm.sty"
Package: amsthm 2017/10/31 v2.20.4
\thm@style=\toks29
\thm@bodyfont=\toks30
\thm@headfont=\toks31
\thm@notefont=\toks32
\thm@headpunct=\toks33
\thm@preskip=\skip81
\thm@postskip=\skip82
\thm@headsep=\skip83
\dth@everypar=\toks34
) ("C:\Users\nfswx\AppData\Local\Programs\MiKTeX 2.9\tex/latex/threeparttable\threeparttable.sty"
Package: threeparttable 2003/06/13  v 3.0
\@tempboxb=\box45
)
\c@thm=\count144
\c@lem=\count145
\c@prop=\count146
\c@cor=\count147
\c@definition=\count148
 ("C:\Users\nfswx\AppData\Local\Programs\MiKTeX 2.9\tex/latex/pgf/frontendlayer\tikz.sty" ("C:\Users\nfswx\AppData\Local\Programs\MiKTeX 2.9\tex/latex/pgf/basiclayer\pgf.sty" ("C:\Users\nfswx\AppData\Local\Programs\MiKTeX 2.9\tex/latex/pgf/utilities\pgfrcs.sty" ("C:\Users\nfswx\AppData\Local\Programs\MiKTeX 2.9\tex/generic/pgf/utilities\pgfutil-common.tex"
\pgfutil@everybye=\toks35
\pgfutil@tempdima=\dimen159
\pgfutil@tempdimb=\dimen160
 ("C:\Users\nfswx\AppData\Local\Programs\MiKTeX 2.9\tex/generic/pgf/utilities\pgfutil-common-lists.tex")) ("C:\Users\nfswx\AppData\Local\Programs\MiKTeX 2.9\tex/generic/pgf/utilities\pgfutil-latex.def"
\pgfutil@abb=\box46
 ("C:\Users\nfswx\AppData\Local\Programs\MiKTeX 2.9\tex/latex/ms\everyshi.sty"
Package: everyshi 2001/05/15 v3.00 EveryShipout Package (MS)
)) ("C:\Users\nfswx\AppData\Local\Programs\MiKTeX 2.9\tex/generic/pgf/utilities\pgfrcs.code.tex" ("C:\Users\nfswx\AppData\Local\Programs\MiKTeX 2.9\tex/generic/pgf\pgf.revision.tex")
Package: pgfrcs 2020/01/08 v3.1.5b (3.1.5b)
))
Package: pgf 2020/01/08 v3.1.5b (3.1.5b)
 ("C:\Users\nfswx\AppData\Local\Programs\MiKTeX 2.9\tex/latex/pgf/basiclayer\pgfcore.sty" ("C:\Users\nfswx\AppData\Local\Programs\MiKTeX 2.9\tex/latex/pgf/systemlayer\pgfsys.sty" ("C:\Users\nfswx\AppData\Local\Programs\MiKTeX 2.9\tex/generic/pgf/systemlayer\pgfsys.code.tex"
Package: pgfsys 2020/01/08 v3.1.5b (3.1.5b)
 ("C:\Users\nfswx\AppData\Local\Programs\MiKTeX 2.9\tex/generic/pgf/utilities\pgfkeys.code.tex"
\pgfkeys@pathtoks=\toks36
\pgfkeys@temptoks=\toks37
 ("C:\Users\nfswx\AppData\Local\Programs\MiKTeX 2.9\tex/generic/pgf/utilities\pgfkeysfiltered.code.tex"
\pgfkeys@tmptoks=\toks38
))
\pgf@x=\dimen161
\pgf@y=\dimen162
\pgf@xa=\dimen163
\pgf@ya=\dimen164
\pgf@xb=\dimen165
\pgf@yb=\dimen166
\pgf@xc=\dimen167
\pgf@yc=\dimen168
\pgf@xd=\dimen169
\pgf@yd=\dimen170
\w@pgf@writea=\write4
\r@pgf@reada=\read2
\c@pgf@counta=\count149
\c@pgf@countb=\count150
\c@pgf@countc=\count151
\c@pgf@countd=\count152
\t@pgf@toka=\toks39
\t@pgf@tokb=\toks40
\t@pgf@tokc=\toks41
\pgf@sys@id@count=\count153
 ("C:\Users\nfswx\AppData\Local\Programs\MiKTeX 2.9\tex/generic/pgf/systemlayer\pgf.cfg"
File: pgf.cfg 2020/01/08 v3.1.5b (3.1.5b)
)
Driver file for pgf: pgfsys-pdftex.def
 ("C:\Users\nfswx\AppData\Local\Programs\MiKTeX 2.9\tex/generic/pgf/systemlayer\pgfsys-pdftex.def"
File: pgfsys-pdftex.def 2020/01/08 v3.1.5b (3.1.5b)
 ("C:\Users\nfswx\AppData\Local\Programs\MiKTeX 2.9\tex/generic/pgf/systemlayer\pgfsys-common-pdf.def"
File: pgfsys-common-pdf.def 2020/01/08 v3.1.5b (3.1.5b)
))) ("C:\Users\nfswx\AppData\Local\Programs\MiKTeX 2.9\tex/generic/pgf/systemlayer\pgfsyssoftpath.code.tex"
File: pgfsyssoftpath.code.tex 2020/01/08 v3.1.5b (3.1.5b)
\pgfsyssoftpath@smallbuffer@items=\count154
\pgfsyssoftpath@bigbuffer@items=\count155
) ("C:\Users\nfswx\AppData\Local\Programs\MiKTeX 2.9\tex/generic/pgf/systemlayer\pgfsysprotocol.code.tex"
File: pgfsysprotocol.code.tex 2020/01/08 v3.1.5b (3.1.5b)
)) ("C:\Users\nfswx\AppData\Local\Programs\MiKTeX 2.9\tex/generic/pgf/basiclayer\pgfcore.code.tex"
Package: pgfcore 2020/01/08 v3.1.5b (3.1.5b)
 ("C:\Users\nfswx\AppData\Local\Programs\MiKTeX 2.9\tex/generic/pgf/math\pgfmath.code.tex" ("C:\Users\nfswx\AppData\Local\Programs\MiKTeX 2.9\tex/generic/pgf/math\pgfmathcalc.code.tex" ("C:\Users\nfswx\AppData\Local\Programs\MiKTeX 2.9\tex/generic/pgf/math\pgfmathutil.code.tex") ("C:\Users\nfswx\AppData\Local\Programs\MiKTeX 2.9\tex/generic/pgf/math\pgfmathparser.code.tex"
\pgfmath@dimen=\dimen171
\pgfmath@count=\count156
\pgfmath@box=\box47
\pgfmath@toks=\toks42
\pgfmath@stack@operand=\toks43
\pgfmath@stack@operation=\toks44
) ("C:\Users\nfswx\AppData\Local\Programs\MiKTeX 2.9\tex/generic/pgf/math\pgfmathfunctions.code.tex" ("C:\Users\nfswx\AppData\Local\Programs\MiKTeX 2.9\tex/generic/pgf/math\pgfmathfunctions.basic.code.tex") ("C:\Users\nfswx\AppData\Local\Programs\MiKTeX 2.9\tex/generic/pgf/math\pgfmathfunctions.trigonometric.code.tex") ("C:\Users\nfswx\AppData\Local\Programs\MiKTeX 2.9\tex/generic/pgf/math\pgfmathfunctions.random.code.tex") ("C:\Users\nfswx\AppData\Local\Programs\MiKTeX 2.9\tex/generic/pgf/math\pgfmathfunctions.comparison.code.tex") ("C:\Users\nfswx\AppData\Local\Programs\MiKTeX 2.9\tex/generic/pgf/math\pgfmathfunctions.base.code.tex") ("C:\Users\nfswx\AppData\Local\Programs\MiKTeX 2.9\tex/generic/pgf/math\pgfmathfunctions.round.code.tex") ("C:\Users\nfswx\AppData\Local\Programs\MiKTeX 2.9\tex/generic/pgf/math\pgfmathfunctions.misc.code.tex") ("C:\Users\nfswx\AppData\Local\Programs\MiKTeX 2.9\tex/generic/pgf/math\pgfmathfunctions.integerarithmetics.code.tex"))) ("C:\Users\nfswx\AppData\Local\Programs\MiKTeX 2.9\tex/generic/pgf/math\pgfmathfloat.code.tex"
\c@pgfmathroundto@lastzeros=\count157
)) ("C:\Users\nfswx\AppData\Local\Programs\MiKTeX 2.9\tex/generic/pgf/math\pgfint.code.tex") ("C:\Users\nfswx\AppData\Local\Programs\MiKTeX 2.9\tex/generic/pgf/basiclayer\pgfcorepoints.code.tex"
File: pgfcorepoints.code.tex 2020/01/08 v3.1.5b (3.1.5b)
\pgf@picminx=\dimen172
\pgf@picmaxx=\dimen173
\pgf@picminy=\dimen174
\pgf@picmaxy=\dimen175
\pgf@pathminx=\dimen176
\pgf@pathmaxx=\dimen177
\pgf@pathminy=\dimen178
\pgf@pathmaxy=\dimen179
\pgf@xx=\dimen180
\pgf@xy=\dimen181
\pgf@yx=\dimen182
\pgf@yy=\dimen183
\pgf@zx=\dimen184
\pgf@zy=\dimen185
) ("C:\Users\nfswx\AppData\Local\Programs\MiKTeX 2.9\tex/generic/pgf/basiclayer\pgfcorepathconstruct.code.tex"
File: pgfcorepathconstruct.code.tex 2020/01/08 v3.1.5b (3.1.5b)
\pgf@path@lastx=\dimen186
\pgf@path@lasty=\dimen187
) ("C:\Users\nfswx\AppData\Local\Programs\MiKTeX 2.9\tex/generic/pgf/basiclayer\pgfcorepathusage.code.tex"
File: pgfcorepathusage.code.tex 2020/01/08 v3.1.5b (3.1.5b)
\pgf@shorten@end@additional=\dimen188
\pgf@shorten@start@additional=\dimen189
) ("C:\Users\nfswx\AppData\Local\Programs\MiKTeX 2.9\tex/generic/pgf/basiclayer\pgfcorescopes.code.tex"
File: pgfcorescopes.code.tex 2020/01/08 v3.1.5b (3.1.5b)
\pgfpic=\box48
\pgf@hbox=\box49
\pgf@layerbox@main=\box50
\pgf@picture@serial@count=\count158
) ("C:\Users\nfswx\AppData\Local\Programs\MiKTeX 2.9\tex/generic/pgf/basiclayer\pgfcoregraphicstate.code.tex"
File: pgfcoregraphicstate.code.tex 2020/01/08 v3.1.5b (3.1.5b)
\pgflinewidth=\dimen190
) ("C:\Users\nfswx\AppData\Local\Programs\MiKTeX 2.9\tex/generic/pgf/basiclayer\pgfcoretransformations.code.tex"
File: pgfcoretransformations.code.tex 2020/01/08 v3.1.5b (3.1.5b)
\pgf@pt@x=\dimen191
\pgf@pt@y=\dimen192
\pgf@pt@temp=\dimen193
) ("C:\Users\nfswx\AppData\Local\Programs\MiKTeX 2.9\tex/generic/pgf/basiclayer\pgfcorequick.code.tex"
File: pgfcorequick.code.tex 2020/01/08 v3.1.5b (3.1.5b)
) ("C:\Users\nfswx\AppData\Local\Programs\MiKTeX 2.9\tex/generic/pgf/basiclayer\pgfcoreobjects.code.tex"
File: pgfcoreobjects.code.tex 2020/01/08 v3.1.5b (3.1.5b)
) ("C:\Users\nfswx\AppData\Local\Programs\MiKTeX 2.9\tex/generic/pgf/basiclayer\pgfcorepathprocessing.code.tex"
File: pgfcorepathprocessing.code.tex 2020/01/08 v3.1.5b (3.1.5b)
) ("C:\Users\nfswx\AppData\Local\Programs\MiKTeX 2.9\tex/generic/pgf/basiclayer\pgfcorearrows.code.tex"
File: pgfcorearrows.code.tex 2020/01/08 v3.1.5b (3.1.5b)
\pgfarrowsep=\dimen194
) ("C:\Users\nfswx\AppData\Local\Programs\MiKTeX 2.9\tex/generic/pgf/basiclayer\pgfcoreshade.code.tex"
File: pgfcoreshade.code.tex 2020/01/08 v3.1.5b (3.1.5b)
\pgf@max=\dimen195
\pgf@sys@shading@range@num=\count159
\pgf@shadingcount=\count160
) ("C:\Users\nfswx\AppData\Local\Programs\MiKTeX 2.9\tex/generic/pgf/basiclayer\pgfcoreimage.code.tex"
File: pgfcoreimage.code.tex 2020/01/08 v3.1.5b (3.1.5b)
 ("C:\Users\nfswx\AppData\Local\Programs\MiKTeX 2.9\tex/generic/pgf/basiclayer\pgfcoreexternal.code.tex"
File: pgfcoreexternal.code.tex 2020/01/08 v3.1.5b (3.1.5b)
\pgfexternal@startupbox=\box51
)) ("C:\Users\nfswx\AppData\Local\Programs\MiKTeX 2.9\tex/generic/pgf/basiclayer\pgfcorelayers.code.tex"
File: pgfcorelayers.code.tex 2020/01/08 v3.1.5b (3.1.5b)
) ("C:\Users\nfswx\AppData\Local\Programs\MiKTeX 2.9\tex/generic/pgf/basiclayer\pgfcoretransparency.code.tex"
File: pgfcoretransparency.code.tex 2020/01/08 v3.1.5b (3.1.5b)
) ("C:\Users\nfswx\AppData\Local\Programs\MiKTeX 2.9\tex/generic/pgf/basiclayer\pgfcorepatterns.code.tex"
File: pgfcorepatterns.code.tex 2020/01/08 v3.1.5b (3.1.5b)
) ("C:\Users\nfswx\AppData\Local\Programs\MiKTeX 2.9\tex/generic/pgf/basiclayer\pgfcorerdf.code.tex"
File: pgfcorerdf.code.tex 2020/01/08 v3.1.5b (3.1.5b)
))) ("C:\Users\nfswx\AppData\Local\Programs\MiKTeX 2.9\tex/generic/pgf/modules\pgfmoduleshapes.code.tex"
File: pgfmoduleshapes.code.tex 2020/01/08 v3.1.5b (3.1.5b)
\pgfnodeparttextbox=\box52
) ("C:\Users\nfswx\AppData\Local\Programs\MiKTeX 2.9\tex/generic/pgf/modules\pgfmoduleplot.code.tex"
File: pgfmoduleplot.code.tex 2020/01/08 v3.1.5b (3.1.5b)
) ("C:\Users\nfswx\AppData\Local\Programs\MiKTeX 2.9\tex/latex/pgf/compatibility\pgfcomp-version-0-65.sty"
Package: pgfcomp-version-0-65 2020/01/08 v3.1.5b (3.1.5b)
\pgf@nodesepstart=\dimen196
\pgf@nodesepend=\dimen197
) ("C:\Users\nfswx\AppData\Local\Programs\MiKTeX 2.9\tex/latex/pgf/compatibility\pgfcomp-version-1-18.sty"
Package: pgfcomp-version-1-18 2020/01/08 v3.1.5b (3.1.5b)
)) ("C:\Users\nfswx\AppData\Local\Programs\MiKTeX 2.9\tex/latex/pgf/utilities\pgffor.sty" ("C:\Users\nfswx\AppData\Local\Programs\MiKTeX 2.9\tex/latex/pgf/utilities\pgfkeys.sty" ("C:\Users\nfswx\AppData\Local\Programs\MiKTeX 2.9\tex/generic/pgf/utilities\pgfkeys.code.tex")) ("C:\Users\nfswx\AppData\Local\Programs\MiKTeX 2.9\tex/latex/pgf/math\pgfmath.sty" ("C:\Users\nfswx\AppData\Local\Programs\MiKTeX 2.9\tex/generic/pgf/math\pgfmath.code.tex")) ("C:\Users\nfswx\AppData\Local\Programs\MiKTeX 2.9\tex/generic/pgf/utilities\pgffor.code.tex"
Package: pgffor 2020/01/08 v3.1.5b (3.1.5b)
 ("C:\Users\nfswx\AppData\Local\Programs\MiKTeX 2.9\tex/generic/pgf/math\pgfmath.code.tex")
\pgffor@iter=\dimen198
\pgffor@skip=\dimen199
\pgffor@stack=\toks45
\pgffor@toks=\toks46
)) ("C:\Users\nfswx\AppData\Local\Programs\MiKTeX 2.9\tex/generic/pgf/frontendlayer/tikz\tikz.code.tex"
Package: tikz 2020/01/08 v3.1.5b (3.1.5b)
 ("C:\Users\nfswx\AppData\Local\Programs\MiKTeX 2.9\tex/generic/pgf/libraries\pgflibraryplothandlers.code.tex"
File: pgflibraryplothandlers.code.tex 2020/01/08 v3.1.5b (3.1.5b)
\pgf@plot@mark@count=\count161
\pgfplotmarksize=\dimen256
)
\tikz@lastx=\dimen257
\tikz@lasty=\dimen258
\tikz@lastxsaved=\dimen259
\tikz@lastysaved=\dimen260
\tikz@lastmovetox=\dimen261
\tikz@lastmovetoy=\dimen262
\tikzleveldistance=\dimen263
\tikzsiblingdistance=\dimen264
\tikz@figbox=\box53
\tikz@figbox@bg=\box54
\tikz@tempbox=\box55
\tikz@tempbox@bg=\box56
\tikztreelevel=\count162
\tikznumberofchildren=\count163
\tikznumberofcurrentchild=\count164
\tikz@fig@count=\count165
 ("C:\Users\nfswx\AppData\Local\Programs\MiKTeX 2.9\tex/generic/pgf/modules\pgfmodulematrix.code.tex"
File: pgfmodulematrix.code.tex 2020/01/08 v3.1.5b (3.1.5b)
\pgfmatrixcurrentrow=\count166
\pgfmatrixcurrentcolumn=\count167
\pgf@matrix@numberofcolumns=\count168
)
\tikz@expandcount=\count169
 ("C:\Users\nfswx\AppData\Local\Programs\MiKTeX 2.9\tex/generic/pgf/frontendlayer/tikz/libraries\tikzlibrarytopaths.code.tex"
File: tikzlibrarytopaths.code.tex 2020/01/08 v3.1.5b (3.1.5b)
))) ("C:\Users\nfswx\AppData\Local\Programs\MiKTeX 2.9\tex/generic/pgf/frontendlayer/tikz/libraries\tikzlibraryshapes.code.tex"
File: tikzlibraryshapes.code.tex 2020/01/08 v3.1.5b (3.1.5b)
 ("C:\Users\nfswx\AppData\Local\Programs\MiKTeX 2.9\tex/generic/pgf/frontendlayer/tikz/libraries\tikzlibraryshapes.geometric.code.tex"
File: tikzlibraryshapes.geometric.code.tex 2020/01/08 v3.1.5b (3.1.5b)
 ("C:\Users\nfswx\AppData\Local\Programs\MiKTeX 2.9\tex/generic/pgf/libraries/shapes\pgflibraryshapes.geometric.code.tex"
File: pgflibraryshapes.geometric.code.tex 2020/01/08 v3.1.5b (3.1.5b)
)) ("C:\Users\nfswx\AppData\Local\Programs\MiKTeX 2.9\tex/generic/pgf/frontendlayer/tikz/libraries\tikzlibraryshapes.misc.code.tex"
File: tikzlibraryshapes.misc.code.tex 2020/01/08 v3.1.5b (3.1.5b)
 ("C:\Users\nfswx\AppData\Local\Programs\MiKTeX 2.9\tex/generic/pgf/libraries/shapes\pgflibraryshapes.misc.code.tex"
File: pgflibraryshapes.misc.code.tex 2020/01/08 v3.1.5b (3.1.5b)
)) ("C:\Users\nfswx\AppData\Local\Programs\MiKTeX 2.9\tex/generic/pgf/frontendlayer/tikz/libraries\tikzlibraryshapes.symbols.code.tex"
File: tikzlibraryshapes.symbols.code.tex 2020/01/08 v3.1.5b (3.1.5b)
 ("C:\Users\nfswx\AppData\Local\Programs\MiKTeX 2.9\tex/generic/pgf/libraries/shapes\pgflibraryshapes.symbols.code.tex"
File: pgflibraryshapes.symbols.code.tex 2020/01/08 v3.1.5b (3.1.5b)
)) ("C:\Users\nfswx\AppData\Local\Programs\MiKTeX 2.9\tex/generic/pgf/frontendlayer/tikz/libraries\tikzlibraryshapes.arrows.code.tex"
File: tikzlibraryshapes.arrows.code.tex 2020/01/08 v3.1.5b (3.1.5b)
 ("C:\Users\nfswx\AppData\Local\Programs\MiKTeX 2.9\tex/generic/pgf/libraries/shapes\pgflibraryshapes.arrows.code.tex"
File: pgflibraryshapes.arrows.code.tex 2020/01/08 v3.1.5b (3.1.5b)
)) ("C:\Users\nfswx\AppData\Local\Programs\MiKTeX 2.9\tex/generic/pgf/frontendlayer/tikz/libraries\tikzlibraryshapes.callouts.code.tex" ("C:\Users\nfswx\AppData\Local\Programs\MiKTeX 2.9\tex/generic/pgf/libraries/shapes\pgflibraryshapes.callouts.code.tex")) ("C:\Users\nfswx\AppData\Local\Programs\MiKTeX 2.9\tex/generic/pgf/frontendlayer/tikz/libraries\tikzlibraryshapes.multipart.code.tex"
File: tikzlibraryshapes.multipart.code.tex 2020/01/08 v3.1.5b (3.1.5b)
 ("C:\Users\nfswx\AppData\Local\Programs\MiKTeX 2.9\tex/generic/pgf/libraries/shapes\pgflibraryshapes.multipart.code.tex"
File: pgflibraryshapes.multipart.code.tex 2020/01/08 v3.1.5b (3.1.5b)
\pgfnodepartlowerbox=\box57
\pgfnodeparttwobox=\box58
\pgfnodepartthreebox=\box59
\pgfnodepartfourbox=\box60
\pgfnodeparttwentybox=\box61
\pgfnodepartnineteenbox=\box62
\pgfnodeparteighteenbox=\box63
\pgfnodepartseventeenbox=\box64
\pgfnodepartsixteenbox=\box65
\pgfnodepartfifteenbox=\box66
\pgfnodepartfourteenbox=\box67
\pgfnodepartthirteenbox=\box68
\pgfnodeparttwelvebox=\box69
\pgfnodepartelevenbox=\box70
\pgfnodeparttenbox=\box71
\pgfnodepartninebox=\box72
\pgfnodeparteightbox=\box73
\pgfnodepartsevenbox=\box74
\pgfnodepartsixbox=\box75
\pgfnodepartfivebox=\box76
))) ("C:\Users\nfswx\AppData\Local\Programs\MiKTeX 2.9\tex/generic/pgf/frontendlayer/tikz/libraries\tikzlibraryarrows.code.tex"
File: tikzlibraryarrows.code.tex 2020/01/08 v3.1.5b (3.1.5b)
 ("C:\Users\nfswx\AppData\Local\Programs\MiKTeX 2.9\tex/generic/pgf/libraries\pgflibraryarrows.code.tex"
File: pgflibraryarrows.code.tex 2020/01/08 v3.1.5b (3.1.5b)
\arrowsize=\dimen265
)) ("C:\Users\nfswx\AppData\Local\Programs\MiKTeX 2.9\tex/generic/pgf/frontendlayer/tikz/libraries\tikzlibrarypositioning.code.tex"
File: tikzlibrarypositioning.code.tex 2020/01/08 v3.1.5b (3.1.5b)
) ("C:\Users\nfswx\AppData\Local\Programs\MiKTeX 2.9\tex/generic/pgf/frontendlayer/tikz/libraries\tikzlibraryfit.code.tex"
File: tikzlibraryfit.code.tex 2020/01/08 v3.1.5b (3.1.5b)
) ("C:\Users\nfswx\AppData\Local\Programs\MiKTeX 2.9\tex/generic/pgf/libraries\pgflibraryarrows.meta.code.tex"
File: pgflibraryarrows.meta.code.tex 2020/01/08 v3.1.5b (3.1.5b)
\pgfarrowinset=\dimen266
\pgfarrowlength=\dimen267
\pgfarrowwidth=\dimen268
\pgfarrowlinewidth=\dimen269
) ("C:\Users\nfswx\AppData\Local\Programs\MiKTeX 2.9\tex/generic/pgf/frontendlayer/tikz/libraries\tikzlibrarydecorations.pathmorphing.code.tex"
("C:\Users\nfswx\AppData\Local\Programs\MiKTeX 2.9\tex/generic/pgf/frontendlayer/tikz/libraries\tikzlibrarydecorations.code.tex" ("C:\Users\nfswx\AppData\Local\Programs\MiKTeX 2.9\tex/generic/pgf/modules\pgfmoduledecorations.code.tex"
\pgfdecoratedcompleteddistance=\dimen270
\pgfdecoratedremainingdistance=\dimen271
\pgfdecoratedinputsegmentcompleteddistance=\dimen272
\pgfdecoratedinputsegmentremainingdistance=\dimen273
\pgf@decorate@distancetomove=\dimen274
\pgf@decorate@repeatstate=\count170
\pgfdecorationsegmentamplitude=\dimen275
\pgfdecorationsegmentlength=\dimen276
)
\tikz@lib@dec@box=\box77
) ("C:\Users\nfswx\AppData\Local\Programs\MiKTeX 2.9\tex/generic/pgf/libraries/decorations\pgflibrarydecorations.pathmorphing.code.tex")) ("C:\Users\nfswx\AppData\Local\Programs\MiKTeX 2.9\tex/latex/l3packages/xparse\xparse.sty" ("C:\Users\nfswx\AppData\Local\Programs\MiKTeX 2.9\tex/latex/l3kernel\expl3.sty"
Package: expl3 2020-01-22 L3 programming layer (loader) 
 ("C:\Users\nfswx\AppData\Local\Programs\MiKTeX 2.9\tex/latex/l3kernel\expl3-code.tex"
Package: expl3 2020-01-22 L3 programming layer (code)
\c_max_int=\count171
\l_tmpa_int=\count172
\l_tmpb_int=\count173
\g_tmpa_int=\count174
\g_tmpb_int=\count175
\l__seq_internal_a_int=\count176
\l__seq_internal_b_int=\count177
\g__kernel_prg_map_int=\count178
\c__ior_term_noprompt_ior=\count179
\c_log_iow=\count180
\l_iow_line_count_int=\count181
\l__iow_line_target_int=\count182
\l__iow_one_indent_int=\count183
\l__iow_indent_int=\count184
\c_zero_dim=\dimen277
\c_max_dim=\dimen278
\l_tmpa_dim=\dimen279
\l_tmpb_dim=\dimen280
\g_tmpa_dim=\dimen281
\g_tmpb_dim=\dimen282
\c_zero_skip=\skip84
\c_max_skip=\skip85
\l_tmpa_skip=\skip86
\l_tmpb_skip=\skip87
\g_tmpa_skip=\skip88
\g_tmpb_skip=\skip89
\c_zero_muskip=\muskip12
\c_max_muskip=\muskip13
\l_tmpa_muskip=\muskip14
\l_tmpb_muskip=\muskip15
\g_tmpa_muskip=\muskip16
\g_tmpb_muskip=\muskip17
\l_keys_choice_int=\count185
\l__intarray_loop_int=\count186
\c__intarray_sp_dim=\dimen283
\g__intarray_font_int=\count187
\c__fp_leading_shift_int=\count188
\c__fp_middle_shift_int=\count189
\c__fp_trailing_shift_int=\count190
\c__fp_big_leading_shift_int=\count191
\c__fp_big_middle_shift_int=\count192
\c__fp_big_trailing_shift_int=\count193
\c__fp_Bigg_leading_shift_int=\count194
\c__fp_Bigg_middle_shift_int=\count195
\c__fp_Bigg_trailing_shift_int=\count196
\c__kernel_randint_max_int=\count197
\g__fp_array_int=\count198
\l__fp_array_loop_int=\count199
\l__sort_length_int=\count266
\l__sort_min_int=\count267
\l__sort_top_int=\count268
\l__sort_max_int=\count269
\l__sort_true_max_int=\count270
\l__sort_block_int=\count271
\l__sort_begin_int=\count272
\l__sort_end_int=\count273
\l__sort_A_int=\count274
\l__sort_B_int=\count275
\l__sort_C_int=\count276
\l__str_internal_int=\count277
\c__str_replacement_char_int=\count278
\l__tl_analysis_normal_int=\count279
\l__tl_analysis_index_int=\count280
\l__tl_analysis_nesting_int=\count281
\l__tl_analysis_type_int=\count282
\l__regex_internal_a_int=\count283
\l__regex_internal_b_int=\count284
\l__regex_internal_c_int=\count285
\l__regex_balance_int=\count286
\l__regex_group_level_int=\count287
\l__regex_mode_int=\count288
\c__regex_cs_in_class_mode_int=\count289
\c__regex_cs_mode_int=\count290
\l__regex_catcodes_int=\count291
\l__regex_default_catcodes_int=\count292
\c__regex_catcode_D_int=\count293
\c__regex_catcode_S_int=\count294
\c__regex_catcode_L_int=\count295
\c__regex_catcode_O_int=\count296
\c__regex_catcode_A_int=\count297
\c__regex_all_catcodes_int=\count298
\l__regex_show_lines_int=\count299
\l__regex_min_state_int=\count300
\l__regex_max_state_int=\count301
\l__regex_left_state_int=\count302
\l__regex_right_state_int=\count303
\l__regex_capturing_group_int=\count304
\l__regex_min_pos_int=\count305
\l__regex_max_pos_int=\count306
\l__regex_curr_pos_int=\count307
\l__regex_start_pos_int=\count308
\l__regex_success_pos_int=\count309
\l__regex_curr_char_int=\count310
\l__regex_curr_catcode_int=\count311
\l__regex_last_char_int=\count312
\l__regex_case_changed_char_int=\count313
\l__regex_curr_state_int=\count314
\l__regex_step_int=\count315
\l__regex_min_active_int=\count316
\l__regex_max_active_int=\count317
\l__regex_replacement_csnames_int=\count318
\l__regex_match_count_int=\count319
\l__regex_min_submatch_int=\count320
\l__regex_submatch_int=\count321
\l__regex_zeroth_submatch_int=\count322
\g__regex_trace_regex_int=\count323
\c_empty_box=\box78
\l_tmpa_box=\box79
\l_tmpb_box=\box80
\g_tmpa_box=\box81
\g_tmpb_box=\box82
\l__box_top_dim=\dimen284
\l__box_bottom_dim=\dimen285
\l__box_left_dim=\dimen286
\l__box_right_dim=\dimen287
\l__box_top_new_dim=\dimen288
\l__box_bottom_new_dim=\dimen289
\l__box_left_new_dim=\dimen290
\l__box_right_new_dim=\dimen291
\l__box_internal_box=\box83
\l__coffin_internal_box=\box84
\l__coffin_internal_dim=\dimen292
\l__coffin_offset_x_dim=\dimen293
\l__coffin_offset_y_dim=\dimen294
\l__coffin_x_dim=\dimen295
\l__coffin_y_dim=\dimen296
\l__coffin_x_prime_dim=\dimen297
\l__coffin_y_prime_dim=\dimen298
\c_empty_coffin=\box85
\l__coffin_aligned_coffin=\box86
\l__coffin_aligned_internal_coffin=\box87
\l_tmpa_coffin=\box88
\l_tmpb_coffin=\box89
\g_tmpa_coffin=\box90
\g_tmpb_coffin=\box91
\l__coffin_bounding_shift_dim=\dimen299
\l__coffin_left_corner_dim=\dimen300
\l__coffin_right_corner_dim=\dimen301
\l__coffin_bottom_corner_dim=\dimen302
\l__coffin_top_corner_dim=\dimen303
\l__coffin_scaled_total_height_dim=\dimen304
\l__coffin_scaled_width_dim=\dimen305
\c__coffin_empty_coffin=\box92
\l__coffin_display_coffin=\box93
\l__coffin_display_coord_coffin=\box94
\l__coffin_display_pole_coffin=\box95
\l__coffin_display_offset_dim=\dimen306
\l__coffin_display_x_dim=\dimen307
\l__coffin_display_y_dim=\dimen308
\g__char_data_ior=\read3
 ("C:\Users\nfswx\AppData\Local\Programs\MiKTeX 2.9\tex/latex/l3kernel\l3deprecation.def"
File: l3deprecation.def 2019-04-06 v L3 Deprecated functions
)) ("C:\Users\nfswx\AppData\Local\Programs\MiKTeX 2.9\tex/latex/l3backend\l3backend-pdfmode.def"
File: l3backend-pdfmode.def 2019-04-06 L3 backend support: PDF mode
\l__kernel_color_stack_int=\count324
\l__pdf_internal_box=\box96
))
Package: xparse 2020-01-12 L3 Experimental document command parser
\l__xparse_current_arg_int=\count325
\g__xparse_grabber_int=\count326
\l__xparse_m_args_int=\count327
\l__xparse_v_nesting_int=\count328
) ("C:\Users\nfswx\AppData\Local\Programs\MiKTeX 2.9\tex/generic/pgf/frontendlayer/tikz/libraries\tikzlibrarycalc.code.tex"
File: tikzlibrarycalc.code.tex 2020/01/08 v3.1.5b (3.1.5b)
) ("C:\Users\nfswx\AppData\Local\Programs\MiKTeX 2.9\tex/latex/tkz-graph\tkz-graph.sty"
Package: tkz-graph 2018/09/19 ctan v 1.00 d base for graphs
 ("C:\Users\nfswx\AppData\Local\Programs\MiKTeX 2.9\tex/latex/xkeyval\xkeyval.sty"
Package: xkeyval 2014/12/03 v2.7a package option processing (HA)
 ("C:\Users\nfswx\AppData\Local\Programs\MiKTeX 2.9\tex/generic/xkeyval\xkeyval.tex" ("C:\Users\nfswx\AppData\Local\Programs\MiKTeX 2.9\tex/generic/xkeyval\xkvutils.tex"
\XKV@toks=\toks47
\XKV@tempa@toks=\toks48
)
\XKV@depth=\count329
File: xkeyval.tex 2014/12/03 v2.7a key=value parser (HA)
))
\c@tkz@gr@a=\count330
\c@tkz@gr@b=\count331
\c@tkz@gr@c=\count332
\c@tkz@gr@e=\count333
\c@tkz@gr@d=\count334
\c@tkz@gr@p=\count335
\c@tkz@gr@i=\count336
\c@tkz@gr@n=\count337
\c@tkz@gr@ta=\count338
\c@tkz@gr@tb=\count339
) ("C:\Users\nfswx\AppData\Local\Programs\MiKTeX 2.9\tex/generic/pgf/frontendlayer/tikz/libraries\tikzlibrarybackgrounds.code.tex"
File: tikzlibrarybackgrounds.code.tex 2020/01/08 v3.1.5b (3.1.5b)
\pgf@layerbox@background=\box97
\pgf@layerboxsaved@background=\box98
) ("C:\Users\nfswx\AppData\Local\Programs\MiKTeX 2.9\tex/generic/pgf/frontendlayer/tikz/libraries\tikzlibraryautomata.code.tex"
File: tikzlibraryautomata.code.tex 2020/01/08 v3.1.5b (3.1.5b)
) ("C:\Users\nfswx\AppData\Local\Programs\MiKTeX 2.9\tex/latex/glossaries-extra\glossaries-extra.sty"
Package: glossaries-extra 2020/02/28 v1.43 (NLCT)
 ("C:\Users\nfswx\AppData\Local\Programs\MiKTeX 2.9\tex/latex/etoolbox\etoolbox.sty"
Package: etoolbox 2019/09/21 v2.5h e-TeX tools for LaTeX (JAW)
\etb@tempcnta=\count340
) ("C:\Users\nfswx\AppData\Local\Programs\MiKTeX 2.9\tex/latex/glossaries/base\glossaries.sty"
Package: glossaries 2020/02/13 v4.45 (NLCT)
 ("C:\Users\nfswx\AppData\Local\Programs\MiKTeX 2.9\tex/latex/mfirstuc\mfirstuc.sty"
Package: mfirstuc 2017/11/14 v2.06 (NLCT)
\@glsmfirst=\toks49
\@glsmrest=\toks50
) ("C:\Users\nfswx\AppData\Local\Programs\MiKTeX 2.9\tex/latex/textcase\textcase.sty"
Package: textcase 2019/09/14 v1.00 Text only upper/lower case changing (DPC)
) ("C:\Users\nfswx\AppData\Local\Programs\MiKTeX 2.9\tex/latex/xfor\xfor.sty"
Package: xfor 2009/02/05 v1.05 (NLCT)
) ("C:\Users\nfswx\AppData\Local\Programs\MiKTeX 2.9\tex/latex/datatool\datatool-base.sty"
Package: datatool-base 2019/09/27 v2.32 (NLCT)
 ("C:\Users\nfswx\AppData\Local\Programs\MiKTeX 2.9\tex/latex/substr\substr.sty"
Package: substr 2009/10/20 v1.2 Handle substrings
\c@su@anzahl=\count341
) ("C:\Users\nfswx\AppData\Local\Programs\MiKTeX 2.9\tex/latex/datatool\datatool-fp.sty"
Package: datatool-fp 2019/09/27 v2.32 (NLCT)
 ("C:\Users\nfswx\AppData\Local\Programs\MiKTeX 2.9\tex/latex/fp\fp.sty"
Package: fp 1995/04/02
 `Fixed Point Package', Version 0.8, April 2, 1995 (C) Michael Mehlich ("C:\Users\nfswx\AppData\Local\Programs\MiKTeX 2.9\tex/latex/fp\defpattern.sty"
Package: defpattern 1994/10/12
\actioncount=\count342
) ("C:\Users\nfswx\AppData\Local\Programs\MiKTeX 2.9\tex/latex/fp\fp-basic.sty"
Package: fp-basic 1996/05/13
\FP@xs=\count343
\FP@xia=\count344
\FP@xib=\count345
\FP@xfa=\count346
\FP@xfb=\count347
\FP@rega=\count348
\FP@regb=\count349
\FP@regs=\count350
\FP@times=\count351
) ("C:\Users\nfswx\AppData\Local\Programs\MiKTeX 2.9\tex/latex/fp\fp-addons.sty"
Package: fp-addons 1995/03/15
) ("C:\Users\nfswx\AppData\Local\Programs\MiKTeX 2.9\tex/latex/fp\fp-snap.sty"
Package: fp-snap 1995/04/05
) ("C:\Users\nfswx\AppData\Local\Programs\MiKTeX 2.9\tex/latex/fp\fp-exp.sty"
Package: fp-exp 1995/04/03
) ("C:\Users\nfswx\AppData\Local\Programs\MiKTeX 2.9\tex/latex/fp\fp-trigo.sty"
Package: fp-trigo 1995/04/14
) ("C:\Users\nfswx\AppData\Local\Programs\MiKTeX 2.9\tex/latex/fp\fp-pas.sty"
Package: fp-pas 1994/08/29
) ("C:\Users\nfswx\AppData\Local\Programs\MiKTeX 2.9\tex/latex/fp\fp-random.sty"
Package: fp-random 1995/02/23
\FPseed=\count352
) ("C:\Users\nfswx\AppData\Local\Programs\MiKTeX 2.9\tex/latex/fp\fp-eqn.sty"
Package: fp-eqn 1995/04/03
) ("C:\Users\nfswx\AppData\Local\Programs\MiKTeX 2.9\tex/latex/fp\fp-upn.sty"
Package: fp-upn 1996/10/21
) ("C:\Users\nfswx\AppData\Local\Programs\MiKTeX 2.9\tex/latex/fp\fp-eval.sty"
Package: fp-eval 1995/04/03
)))
\@dtl@toks=\toks51
\@dtl@tmpcount=\count353
\dtl@tmplength=\skip90
\dtl@sortresult=\count354
\@dtl@numgrpsepcount=\count355
\@dtl@datatype=\count356
\dtl@codeA=\count357
\dtl@codeB=\count358
\@dtl@foreach@level=\count359
) ("C:\Users\nfswx\AppData\Local\Programs\MiKTeX 2.9\tex/latex/glossaries/base\glossaries-compatible-307.sty"
Package: glossaries-compatible-307 2020/02/13 v4.45 (NLCT)
)
\gls@level=\count360
\@gls@tmpb=\toks52
\gls@tmplen=\skip91
\glskeylisttok=\toks53
\glslabeltok=\toks54
\glsshorttok=\toks55
\glslongtok=\toks56
 ("C:\Users\nfswx\AppData\Local\Programs\MiKTeX 2.9\tex/latex/glossaries/styles\glossary-hypernav.sty"
Package: glossary-hypernav 2020/02/13 v4.45 (NLCT)
) ("C:\Users\nfswx\AppData\Local\Programs\MiKTeX 2.9\tex/latex/glossaries/styles\glossary-list.sty"
Package: glossary-list 2020/02/13 v4.45 (NLCT)
\glslistdottedwidth=\skip92
) ("C:\Users\nfswx\AppData\Local\Programs\MiKTeX 2.9\tex/latex/glossaries/styles\glossary-long.sty"
Package: glossary-long 2020/02/13 v4.45 (NLCT)
 ("C:\Users\nfswx\AppData\Local\Programs\MiKTeX 2.9\tex/latex/tools\longtable.sty"
Package: longtable 2019/02/06 v4.12 Multi-page Table package (DPC)
\LTleft=\skip93
\LTright=\skip94
\LTpre=\skip95
\LTpost=\skip96
\LTchunksize=\count361
\LTcapwidth=\dimen309
\LT@head=\box99
\LT@firsthead=\box100
\LT@foot=\box101
\LT@lastfoot=\box102
\LT@cols=\count362
\LT@rows=\count363
\c@LT@tables=\count364
\c@LT@chunks=\count365
\LT@p@ftn=\toks57
)
\glsdescwidth=\skip97
\glspagelistwidth=\skip98
) ("C:\Users\nfswx\AppData\Local\Programs\MiKTeX 2.9\tex/latex/glossaries/styles\glossary-super.sty"
Package: glossary-super 2020/02/13 v4.45 (NLCT)
 ("C:\Users\nfswx\AppData\Local\Programs\MiKTeX 2.9\tex/latex/supertabular\supertabular.sty"
Package: supertabular 2020/02/02 v4.1g the supertabular environment
\c@tracingst=\count366
\ST@wd=\dimen310
\ST@rightskip=\skip99
\ST@leftskip=\skip100
\ST@parfillskip=\skip101
\ST@pageleft=\dimen311
\ST@headht=\dimen312
\ST@tailht=\dimen313
\ST@pagesofar=\dimen314
\ST@pboxht=\dimen315
\ST@lineht=\dimen316
\ST@prevht=\dimen317
\ST@toadd=\dimen318
\ST@dimen=\dimen319
\ST@pbox=\box103
)) ("C:\Users\nfswx\AppData\Local\Programs\MiKTeX 2.9\tex/latex/glossaries/styles\glossary-tree.sty"
Package: glossary-tree 2020/02/13 v4.45 (NLCT)
\glstreeindent=\skip102
))
\glsxtrresourcecount=\count367
\@glsxtrnewgls@inner=\count368
\glsshortpltok=\toks58
\glslongpltok=\toks59
)
\glswrite=\write5
\glo@main@file=\write6
\openout6 = `KeNianThesis.glo'.

Package glossaries Info: Writing glossary file KeNianThesis.glo on input line 337.
\glo@abbreviations@file=\write7
\openout7 = `KeNianThesis.glo-abr'.

Package glossaries Info: Writing glossary file KeNianThesis.glo-abr on input line 337.
\glo@nomenclature@file=\write8
\openout8 = `KeNianThesis.nomenclature-glo'.

Package glossaries Info: Writing glossary file KeNianThesis.nomenclature-glo on input line 337.
\glo@symbols@file=\write9
\openout9 = `KeNianThesis.symbols-glo'.

Package glossaries Info: Writing glossary file KeNianThesis.symbols-glo on input line 337.
 (KeNianThesis.aux)
\openout1 = `KeNianThesis.aux'.

LaTeX Font Info:    Checking defaults for OML/cmm/m/it on input line 341.
LaTeX Font Info:    ... okay on input line 341.
LaTeX Font Info:    Checking defaults for T1/cmr/m/n on input line 341.
LaTeX Font Info:    ... okay on input line 341.
LaTeX Font Info:    Checking defaults for OT1/cmr/m/n on input line 341.
LaTeX Font Info:    ... okay on input line 341.
LaTeX Font Info:    Checking defaults for OMS/cmsy/m/n on input line 341.
LaTeX Font Info:    ... okay on input line 341.
LaTeX Font Info:    Checking defaults for OMX/cmex/m/n on input line 341.
LaTeX Font Info:    ... okay on input line 341.
LaTeX Font Info:    Checking defaults for U/cmr/m/n on input line 341.
LaTeX Font Info:    ... okay on input line 341.
LaTeX Font Info:    Checking defaults for PD1/pdf/m/n on input line 341.
LaTeX Font Info:    ... okay on input line 341.
LaTeX Font Info:    Trying to load font information for OT1+ptm on input line 341.
 ("C:\Users\nfswx\AppData\Local\Programs\MiKTeX 2.9\tex/latex/psnfss\ot1ptm.fd"
File: ot1ptm.fd 2001/06/04 font definitions for OT1/ptm.
) ("C:\Users\nfswx\AppData\Local\Programs\MiKTeX 2.9\tex/context/base/mkii\supp-pdf.mkii"
[Loading MPS to PDF converter (version 2006.09.02).]
\scratchcounter=\count369
\scratchdimen=\dimen320
\scratchbox=\box104
\nofMPsegments=\count370
\nofMParguments=\count371
\everyMPshowfont=\toks60
\MPscratchCnt=\count372
\MPscratchDim=\dimen321
\MPnumerator=\count373
\makeMPintoPDFobject=\count374
\everyMPtoPDFconversion=\toks61
)
\AtBeginShipoutBox=\box105
Package hyperref Info: Link coloring ON on input line 341.
 ("C:\Users\nfswx\AppData\Local\Programs\MiKTeX 2.9\tex/latex/hyperref\nameref.sty"
Package: nameref 2019/09/16 v2.46 Cross-referencing by name of section
 ("C:\Users\nfswx\AppData\Local\Programs\MiKTeX 2.9\tex/latex/refcount\refcount.sty"
Package: refcount 2019/12/15 v3.6 Data extraction from label references (HO)
) ("C:\Users\nfswx\AppData\Local\Programs\MiKTeX 2.9\tex/generic/gettitlestring\gettitlestring.sty"
Package: gettitlestring 2019/12/15 v1.6 Cleanup title references (HO)
)
\c@section@level=\count375
)
LaTeX Info: Redefining \ref on input line 341.
LaTeX Info: Redefining \pageref on input line 341.
LaTeX Info: Redefining \nameref on input line 341.
 (KeNianThesis.out) (KeNianThesis.out)
\@outlinefile=\write10
\openout10 = `KeNianThesis.out'.

\c@lstlisting=\count376
 ABD: EveryShipout initializing macros (uw-ethesis-frontpgs.tex
LaTeX Font Info:    Font shape `OT1/ptm/bx/n' in size <24.88> not available
(Font)              Font shape `OT1/ptm/b/n' tried instead on input line 16.
LaTeX Font Info:    Trying to load font information for OMS+ptm on input line 45.
 ("C:\Users\nfswx\AppData\Local\Programs\MiKTeX 2.9\tex/latex/psnfss\omsptm.fd"
File: omsptm.fd 
)
LaTeX Font Info:    Font shape `OMS/ptm/m/n' in size <12> not available
(Font)              Font shape `OMS/cmsy/m/n' tried instead on input line 45.
 [1

\openout5 = `KeNianThesis.ist'.



{C:/Users/nfswx/AppData/Local/MiKTeX/2.9/pdftex/config/pdftex.map}]
LaTeX Font Info:    Font shape `OT1/ptm/bx/n' in size <12> not available
(Font)              Font shape `OT1/ptm/b/n' tried instead on input line 59.
 [2


] [3


]
LaTeX Font Info:    Trying to load font information for OT1+ztmcm on input line 132.
 ("C:\Users\nfswx\AppData\Local\Programs\MiKTeX 2.9\tex/latex/psnfss\ot1ztmcm.fd"
File: ot1ztmcm.fd 2000/01/03 Fontinst v1.801 font definitions for OT1/ztmcm.
)
LaTeX Font Info:    Trying to load font information for OML+ztmcm on input line 132.
 ("C:\Users\nfswx\AppData\Local\Programs\MiKTeX 2.9\tex/latex/psnfss\omlztmcm.fd"
File: omlztmcm.fd 2000/01/03 Fontinst v1.801 font definitions for OML/ztmcm.
)
LaTeX Font Info:    Trying to load font information for OMS+ztmcm on input line 132.
 ("C:\Users\nfswx\AppData\Local\Programs\MiKTeX 2.9\tex/latex/psnfss\omsztmcm.fd"
File: omsztmcm.fd 2000/01/03 Fontinst v1.801 font definitions for OMS/ztmcm.
)
LaTeX Font Info:    Trying to load font information for OMX+ztmcm on input line 132.
 ("C:\Users\nfswx\AppData\Local\Programs\MiKTeX 2.9\tex/latex/psnfss\omxztmcm.fd"
File: omxztmcm.fd 2000/01/03 Fontinst v1.801 font definitions for OMX/ztmcm.
)
LaTeX Font Info:    Font shape `OT1/ptm/bx/n' in size <9> not available
(Font)              Font shape `OT1/ptm/b/n' tried instead on input line 132.
LaTeX Font Info:    Font shape `OT1/ptm/bx/n' in size <7> not available
(Font)              Font shape `OT1/ptm/b/n' tried instead on input line 132.

Overfull \hbox (0.39647pt too wide) in paragraph at lines 138--140
[]\OT1/ptm/m/n/12 Following the di-rect data-driven ker-nel learn-ing ap-proach [[]], we pro-pose a ro-bust encoder-
 []

[4


] [5] [6


] [7


] (KeNianThesis.toc)
\tf@toc=\write11
\openout11 = `KeNianThesis.toc'.

 [8




] (KeNianThesis.lot)
\tf@lot=\write12
\openout12 = `KeNianThesis.lot'.

 [9




] (KeNianThesis.lof)
\tf@lof=\write13
\openout13 = `KeNianThesis.lof'.

 [10




] (KeNianThesis.gls) (KeNianThesis.gls-abr) (KeNianThesis.nomenclature-gls) (KeNianThesis.symbols-gls))
Chapter 1.
[1






] [2]
LaTeX Font Info:    Font shape `OT1/ptm/bx/n' in size <17.28> not available
(Font)              Font shape `OT1/ptm/b/n' tried instead on input line 425.
 [3]
Overfull \hbox (3.38486pt too wide) in paragraph at lines 438--439
\OT1/ptm/m/n/12 ing func-tion learn-ing method sig-nif-i-cantly sur-passes that of the min-i-mum vari-ance quadratic
 []

[4] [5]
Chapter 2.
LaTeX Font Info:    Font shape `OT1/ptm/bx/n' in size <14.4> not available
(Font)              Font shape `OT1/ptm/b/n' tried instead on input line 477.
[6


] [7] [8] [9] [10] [11]
Overfull \hbox (36.26544pt too wide) in alignment at lines 711--719
 [][][] []
 []

[12] [13] [14] [15] (KeNianThesis.bbl [16




] [17] [18] [19] [20] [21] [22] [23] [24] [25] [26]) [27] [28


runsystem(makeindex -s KeNianThesis.ist -t KeNianThesis.glg -o KeNianThesis.gls KeNianThesis.glo)...executed (allowed).

runsystem(makeindex -s KeNianThesis.ist -t KeNianThesis.glg-abr -o KeNianThesis.gls-abr KeNianThesis.glo-abr)...executed (allowed).

runsystem(makeindex -s KeNianThesis.ist -t KeNianThesis.nomenclature-glg -o KeNianThesis.nomenclature-gls KeNianThesis.nomenclature-glo)...executed (allowed).

runsystem(makeindex -s KeNianThesis.ist -t KeNianThesis.symbols-glg -o KeNianThesis.symbols-gls KeNianThesis.symbols-glo)...executed (allowed).

]
Package atveryend Info: Empty hook `BeforeClearDocument' on input line 853.
Package atveryend Info: Empty hook `AfterLastShipout' on input line 853.
 (KeNianThesis.aux)
Package atveryend Info: Executing hook `AtVeryEndDocument' on input line 853.
Package atveryend Info: Executing hook `AtEndAfterFileList' on input line 853.
Package rerunfilecheck Info: File `KeNianThesis.out' has not changed.
(rerunfilecheck)             Checksum: 77290D188E2A7A086D0E4BDF3A069473;1457.
Package atveryend Info: Empty hook `AtVeryVeryEnd' on input line 853.
 ) 
Here is how much of TeX's memory you used:
 40882 strings out of 492448
 800361 string characters out of 3119979
 963109 words of memory out of 3000000
 44307 multiletter control sequences out of 15000+200000
 568696 words of font info for 94 fonts, out of 3000000 for 9000
 1141 hyphenation exceptions out of 8191
 60i,18n,71p,1347b,1050s stack positions out of 5000i,500n,10000p,200000b,50000s
{C:/Users/nfswx/AppData/Local/Programs/MiKTeX 2.9/fonts/enc/dvips/base/8r.enc}<C:/Users/nfswx/AppData/Local/Programs/MiKTeX 2.9/fonts/type1/public/amsfonts/cm/cmex10.pfb><C:/Users/nfswx/AppData/Local/Programs/MiKTeX 2.9/fonts/type1/public/amsfonts/cm/cmmi10.pfb><C:/Users/nfswx/AppData/Local/Programs/MiKTeX 2.9/fonts/type1/public/amsfonts/cm/cmr10.pfb><C:/Users/nfswx/AppData/Local/Programs/MiKTeX 2.9/fonts/type1/public/amsfonts/cm/cmsy10.pfb><C:/Users/nfswx/AppData/Local/Programs/MiKTeX 2.9/fonts/type1/public/amsfonts/cm/cmtt12.pfb><C:/Users/nfswx/AppData/Local/Programs/MiKTeX 2.9/fonts/type1/public/rsfs/rsfs10.pfb><C:/Users/nfswx/AppData/Local/Programs/MiKTeX 2.9/fonts/type1/urw/symbol/usyr.pfb><C:/Users/nfswx/AppData/Local/Programs/MiKTeX 2.9/fonts/type1/urw/symbol/usyr.pfb><C:/Users/nfswx/AppData/Local/Programs/MiKTeX 2.9/fonts/type1/urw/times/utmb8a.pfb><C:/Users/nfswx/AppData/Local/Programs/MiKTeX 2.9/fonts/type1/urw/times/utmr8a.pfb><C:/Users/nfswx/AppData/Local/Programs/MiKTeX 2.9/fonts/type1/urw/times/utmri8a.pfb>
Output written on KeNianThesis.pdf (38 pages, 256584 bytes).
PDF statistics:
 649 PDF objects out of 1000 (max. 8388607)
 237 named destinations out of 1000 (max. 500000)
 181 words of extra memory for PDF output out of 10000 (max. 10000000)

