This is pdfTeX, Version 3.14159265-2.6-1.40.19 (MiKTeX 2.9.6840 64-bit) (preloaded format=pdflatex 2018.10.25)  26 JAN 2020 13:00
entering extended mode
**./SeminarSlidesV2.tex
(SeminarSlidesV2.tex
LaTeX2e <2018-04-01> patch level 5
("C:\Users\nfswx\AppData\Local\Programs\MiKTeX 2.9\tex\latex\beamer\beamer.cls"
Document Class: beamer 2019/07/23 v3.56 A class for typesetting presentations

("C:\Users\nfswx\AppData\Local\Programs\MiKTeX 2.9\tex\latex\beamer\beamerbasem
odes.sty"
("C:\Users\nfswx\AppData\Local\Programs\MiKTeX 2.9\tex\latex\etoolbox\etoolbox.
sty"
Package: etoolbox 2018/08/19 v2.5f e-TeX tools for LaTeX (JAW)
\etb@tempcnta=\count80
)
\beamer@tempbox=\box26
\beamer@tempcount=\count81
\c@beamerpauses=\count82

("C:\Users\nfswx\AppData\Local\Programs\MiKTeX 2.9\tex\latex\beamer\beamerbased
ecode.sty"
\beamer@slideinframe=\count83
\beamer@minimum=\count84
\beamer@decode@box=\box27
)
\beamer@commentbox=\box28
\beamer@modecount=\count85
)
("C:\Users\nfswx\AppData\Local\Programs\MiKTeX 2.9\tex\generic\oberdiek\ifpdf.s
ty"
Package: ifpdf 2018/09/07 v3.3 Provides the ifpdf switch
)
\headdp=\dimen102
\footheight=\dimen103
\sidebarheight=\dimen104
\beamer@tempdim=\dimen105
\beamer@finalheight=\dimen106
\beamer@animht=\dimen107
\beamer@animdp=\dimen108
\beamer@animwd=\dimen109
\beamer@leftmargin=\dimen110
\beamer@rightmargin=\dimen111
\beamer@leftsidebar=\dimen112
\beamer@rightsidebar=\dimen113
\beamer@boxsize=\dimen114
\beamer@vboxoffset=\dimen115
\beamer@descdefault=\dimen116
\beamer@descriptionwidth=\dimen117
\beamer@lastskip=\skip41
\beamer@areabox=\box29
\beamer@animcurrent=\box30
\beamer@animshowbox=\box31
\beamer@sectionbox=\box32
\beamer@logobox=\box33
\beamer@linebox=\box34
\beamer@sectioncount=\count86
\beamer@subsubsectionmax=\count87
\beamer@subsectionmax=\count88
\beamer@sectionmax=\count89
\beamer@totalheads=\count90
\beamer@headcounter=\count91
\beamer@partstartpage=\count92
\beamer@sectionstartpage=\count93
\beamer@subsectionstartpage=\count94
\beamer@animationtempa=\count95
\beamer@animationtempb=\count96
\beamer@xpos=\count97
\beamer@ypos=\count98
\beamer@ypos@offset=\count99
\beamer@showpartnumber=\count100
\beamer@currentsubsection=\count101
\beamer@coveringdepth=\count102
\beamer@sectionadjust=\count103
\beamer@tocsectionnumber=\count104

("C:\Users\nfswx\AppData\Local\Programs\MiKTeX 2.9\tex\latex\beamer\beamerbaseo
ptions.sty"
("C:\Users\nfswx\AppData\Local\Programs\MiKTeX 2.9\tex\latex\graphics\keyval.st
y"
Package: keyval 2014/10/28 v1.15 key=value parser (DPC)
\KV@toks@=\toks14
))
\beamer@paperwidth=\skip42
\beamer@paperheight=\skip43

("C:\Users\nfswx\AppData\Local\Programs\MiKTeX 2.9\tex\latex\geometry\geometry.
sty"
Package: geometry 2018/04/16 v5.8 Page Geometry

("C:\Users\nfswx\AppData\Local\Programs\MiKTeX 2.9\tex\generic\oberdiek\ifvtex.
sty"
Package: ifvtex 2016/05/16 v1.6 Detect VTeX and its facilities (HO)
Package ifvtex Info: VTeX not detected.
)
("C:\Users\nfswx\AppData\Local\Programs\MiKTeX 2.9\tex\generic\ifxetex\ifxetex.
sty"
Package: ifxetex 2010/09/12 v0.6 Provides ifxetex conditional
)
\Gm@cnth=\count105
\Gm@cntv=\count106
\c@Gm@tempcnt=\count107
\Gm@bindingoffset=\dimen118
\Gm@wd@mp=\dimen119
\Gm@odd@mp=\dimen120
\Gm@even@mp=\dimen121
\Gm@layoutwidth=\dimen122
\Gm@layoutheight=\dimen123
\Gm@layouthoffset=\dimen124
\Gm@layoutvoffset=\dimen125
\Gm@dimlist=\toks15

("C:\Users\nfswx\AppData\Local\Programs\MiKTeX 2.9\tex\latex\geometry\geometry.
cfg"))

Class beamer Warning: ``mathserif'' is obsolete. Use font theme ``serif'' with 
option ``onlymath'' on input line 336.

("C:\Users\nfswx\AppData\Local\Programs\MiKTeX 2.9\tex\latex\base\size10.clo"
File: size10.clo 2014/09/29 v1.4h Standard LaTeX file (size option)
)
("C:\Users\nfswx\AppData\Local\Programs\MiKTeX 2.9\tex\latex\pgf\basiclayer\pgf
core.sty"
("C:\Users\nfswx\AppData\Local\Programs\MiKTeX 2.9\tex\latex\graphics\graphicx.
sty"
Package: graphicx 2017/06/01 v1.1a Enhanced LaTeX Graphics (DPC,SPQR)

("C:\Users\nfswx\AppData\Local\Programs\MiKTeX 2.9\tex\latex\graphics\graphics.
sty"
Package: graphics 2017/06/25 v1.2c Standard LaTeX Graphics (DPC,SPQR)

("C:\Users\nfswx\AppData\Local\Programs\MiKTeX 2.9\tex\latex\graphics\trig.sty"
Package: trig 2016/01/03 v1.10 sin cos tan (DPC)
)
("C:\Users\nfswx\AppData\Local\Programs\MiKTeX 2.9\tex\latex\graphics-cfg\graph
ics.cfg"
File: graphics.cfg 2016/06/04 v1.11 sample graphics configuration
)
Package graphics Info: Driver file: pdftex.def on input line 99.

("C:\Users\nfswx\AppData\Local\Programs\MiKTeX 2.9\tex\latex\graphics-def\pdfte
x.def"
File: pdftex.def 2018/01/08 v1.0l Graphics/color driver for pdftex
))
\Gin@req@height=\dimen126
\Gin@req@width=\dimen127
)
("C:\Users\nfswx\AppData\Local\Programs\MiKTeX 2.9\tex\latex\pgf\systemlayer\pg
fsys.sty"
("C:\Users\nfswx\AppData\Local\Programs\MiKTeX 2.9\tex\latex\pgf\utilities\pgfr
cs.sty"
("C:\Users\nfswx\AppData\Local\Programs\MiKTeX 2.9\tex\generic\pgf\utilities\pg
futil-common.tex"
\pgfutil@everybye=\toks16
\pgfutil@tempdima=\dimen128
\pgfutil@tempdimb=\dimen129

("C:\Users\nfswx\AppData\Local\Programs\MiKTeX 2.9\tex\generic\pgf\utilities\pg
futil-common-lists.tex"))
("C:\Users\nfswx\AppData\Local\Programs\MiKTeX 2.9\tex\generic\pgf\utilities\pg
futil-latex.def"
\pgfutil@abb=\box35

("C:\Users\nfswx\AppData\Local\Programs\MiKTeX 2.9\tex\latex\ms\everyshi.sty"
Package: everyshi 2001/05/15 v3.00 EveryShipout Package (MS)
))
("C:\Users\nfswx\AppData\Local\Programs\MiKTeX 2.9\tex\generic\pgf\utilities\pg
frcs.code.tex"
Package: pgfrcs 2015/08/07 v3.0.1a (rcs-revision 1.31)
))
("C:\Users\nfswx\AppData\Local\Programs\MiKTeX 2.9\tex\generic\pgf\systemlayer\
pgfsys.code.tex"
Package: pgfsys 2014/07/09 v3.0.1a (rcs-revision 1.48)

("C:\Users\nfswx\AppData\Local\Programs\MiKTeX 2.9\tex\generic\pgf\utilities\pg
fkeys.code.tex"
\pgfkeys@pathtoks=\toks17
\pgfkeys@temptoks=\toks18

("C:\Users\nfswx\AppData\Local\Programs\MiKTeX 2.9\tex\generic\pgf\utilities\pg
fkeysfiltered.code.tex"
\pgfkeys@tmptoks=\toks19
))
\pgf@x=\dimen130
\pgf@y=\dimen131
\pgf@xa=\dimen132
\pgf@ya=\dimen133
\pgf@xb=\dimen134
\pgf@yb=\dimen135
\pgf@xc=\dimen136
\pgf@yc=\dimen137
\w@pgf@writea=\write3
\r@pgf@reada=\read1
\c@pgf@counta=\count108
\c@pgf@countb=\count109
\c@pgf@countc=\count110
\c@pgf@countd=\count111
\t@pgf@toka=\toks20
\t@pgf@tokb=\toks21
\t@pgf@tokc=\toks22

("C:\Users\nfswx\AppData\Local\Programs\MiKTeX 2.9\tex\generic\pgf\systemlayer\
pgf.cfg"
File: pgf.cfg 2008/05/14  (rcs-revision 1.7)
)
Driver file for pgf: pgfsys-pdftex.def

("C:\Users\nfswx\AppData\Local\Programs\MiKTeX 2.9\tex\generic\pgf\systemlayer\
pgfsys-pdftex.def"
File: pgfsys-pdftex.def 2014/10/11  (rcs-revision 1.35)

("C:\Users\nfswx\AppData\Local\Programs\MiKTeX 2.9\tex\generic\pgf\systemlayer\
pgfsys-common-pdf.def"
File: pgfsys-common-pdf.def 2013/10/10  (rcs-revision 1.13)
)))
("C:\Users\nfswx\AppData\Local\Programs\MiKTeX 2.9\tex\generic\pgf\systemlayer\
pgfsyssoftpath.code.tex"
File: pgfsyssoftpath.code.tex 2013/09/09  (rcs-revision 1.9)
\pgfsyssoftpath@smallbuffer@items=\count112
\pgfsyssoftpath@bigbuffer@items=\count113
)
("C:\Users\nfswx\AppData\Local\Programs\MiKTeX 2.9\tex\generic\pgf\systemlayer\
pgfsysprotocol.code.tex"
File: pgfsysprotocol.code.tex 2006/10/16  (rcs-revision 1.4)
))
("C:\Users\nfswx\AppData\Local\Programs\MiKTeX 2.9\tex\latex\xcolor\xcolor.sty"
Package: xcolor 2016/05/11 v2.12 LaTeX color extensions (UK)

("C:\Users\nfswx\AppData\Local\Programs\MiKTeX 2.9\tex\latex\graphics-cfg\color
.cfg"
File: color.cfg 2016/01/02 v1.6 sample color configuration
)
Package xcolor Info: Driver file: pdftex.def on input line 225.

("C:\Users\nfswx\AppData\Local\Programs\MiKTeX 2.9\tex\latex\colortbl\colortbl.
sty"
Package: colortbl 2018/12/12 v1.0d Color table columns (DPC)

("C:\Users\nfswx\AppData\Local\Programs\MiKTeX 2.9\tex\latex\tools\array.sty"
Package: array 2018/04/30 v2.4h Tabular extension package (FMi)
\col@sep=\dimen138
\ar@mcellbox=\box36
\extrarowheight=\dimen139
\NC@list=\toks23
\extratabsurround=\skip44
\backup@length=\skip45
\ar@cellbox=\box37
)
\everycr=\toks24
\minrowclearance=\skip46
)
\rownum=\count114
Package xcolor Info: Model `cmy' substituted by `cmy0' on input line 1348.
Package xcolor Info: Model `hsb' substituted by `rgb' on input line 1352.
Package xcolor Info: Model `RGB' extended on input line 1364.
Package xcolor Info: Model `HTML' substituted by `rgb' on input line 1366.
Package xcolor Info: Model `Hsb' substituted by `hsb' on input line 1367.
Package xcolor Info: Model `tHsb' substituted by `hsb' on input line 1368.
Package xcolor Info: Model `HSB' substituted by `hsb' on input line 1369.
Package xcolor Info: Model `Gray' substituted by `gray' on input line 1370.
Package xcolor Info: Model `wave' substituted by `hsb' on input line 1371.
)
("C:\Users\nfswx\AppData\Local\Programs\MiKTeX 2.9\tex\generic\pgf\basiclayer\p
gfcore.code.tex"
Package: pgfcore 2010/04/11 v3.0.1a (rcs-revision 1.7)

("C:\Users\nfswx\AppData\Local\Programs\MiKTeX 2.9\tex\generic\pgf\math\pgfmath
.code.tex"
("C:\Users\nfswx\AppData\Local\Programs\MiKTeX 2.9\tex\generic\pgf\math\pgfmath
calc.code.tex"
("C:\Users\nfswx\AppData\Local\Programs\MiKTeX 2.9\tex\generic\pgf\math\pgfmath
util.code.tex")
("C:\Users\nfswx\AppData\Local\Programs\MiKTeX 2.9\tex\generic\pgf\math\pgfmath
parser.code.tex"
\pgfmath@dimen=\dimen140
\pgfmath@count=\count115
\pgfmath@box=\box38
\pgfmath@toks=\toks25
\pgfmath@stack@operand=\toks26
\pgfmath@stack@operation=\toks27
)
("C:\Users\nfswx\AppData\Local\Programs\MiKTeX 2.9\tex\generic\pgf\math\pgfmath
functions.code.tex"
("C:\Users\nfswx\AppData\Local\Programs\MiKTeX 2.9\tex\generic\pgf\math\pgfmath
functions.basic.code.tex")
("C:\Users\nfswx\AppData\Local\Programs\MiKTeX 2.9\tex\generic\pgf\math\pgfmath
functions.trigonometric.code.tex")
("C:\Users\nfswx\AppData\Local\Programs\MiKTeX 2.9\tex\generic\pgf\math\pgfmath
functions.random.code.tex")
("C:\Users\nfswx\AppData\Local\Programs\MiKTeX 2.9\tex\generic\pgf\math\pgfmath
functions.comparison.code.tex")
("C:\Users\nfswx\AppData\Local\Programs\MiKTeX 2.9\tex\generic\pgf\math\pgfmath
functions.base.code.tex")
("C:\Users\nfswx\AppData\Local\Programs\MiKTeX 2.9\tex\generic\pgf\math\pgfmath
functions.round.code.tex")
("C:\Users\nfswx\AppData\Local\Programs\MiKTeX 2.9\tex\generic\pgf\math\pgfmath
functions.misc.code.tex")
("C:\Users\nfswx\AppData\Local\Programs\MiKTeX 2.9\tex\generic\pgf\math\pgfmath
functions.integerarithmetics.code.tex")))
("C:\Users\nfswx\AppData\Local\Programs\MiKTeX 2.9\tex\generic\pgf\math\pgfmath
float.code.tex"
\c@pgfmathroundto@lastzeros=\count116
))
("C:\Users\nfswx\AppData\Local\Programs\MiKTeX 2.9\tex\generic\pgf\basiclayer\p
gfcorepoints.code.tex"
File: pgfcorepoints.code.tex 2013/10/07  (rcs-revision 1.27)
\pgf@picminx=\dimen141
\pgf@picmaxx=\dimen142
\pgf@picminy=\dimen143
\pgf@picmaxy=\dimen144
\pgf@pathminx=\dimen145
\pgf@pathmaxx=\dimen146
\pgf@pathminy=\dimen147
\pgf@pathmaxy=\dimen148
\pgf@xx=\dimen149
\pgf@xy=\dimen150
\pgf@yx=\dimen151
\pgf@yy=\dimen152
\pgf@zx=\dimen153
\pgf@zy=\dimen154
)
("C:\Users\nfswx\AppData\Local\Programs\MiKTeX 2.9\tex\generic\pgf\basiclayer\p
gfcorepathconstruct.code.tex"
File: pgfcorepathconstruct.code.tex 2013/10/07  (rcs-revision 1.29)
\pgf@path@lastx=\dimen155
\pgf@path@lasty=\dimen156
)
("C:\Users\nfswx\AppData\Local\Programs\MiKTeX 2.9\tex\generic\pgf\basiclayer\p
gfcorepathusage.code.tex"
File: pgfcorepathusage.code.tex 2014/11/02  (rcs-revision 1.24)
\pgf@shorten@end@additional=\dimen157
\pgf@shorten@start@additional=\dimen158
)
("C:\Users\nfswx\AppData\Local\Programs\MiKTeX 2.9\tex\generic\pgf\basiclayer\p
gfcorescopes.code.tex"
File: pgfcorescopes.code.tex 2015/05/08  (rcs-revision 1.46)
\pgfpic=\box39
\pgf@hbox=\box40
\pgf@layerbox@main=\box41
\pgf@picture@serial@count=\count117
)
("C:\Users\nfswx\AppData\Local\Programs\MiKTeX 2.9\tex\generic\pgf\basiclayer\p
gfcoregraphicstate.code.tex"
File: pgfcoregraphicstate.code.tex 2014/11/02  (rcs-revision 1.12)
\pgflinewidth=\dimen159
)
("C:\Users\nfswx\AppData\Local\Programs\MiKTeX 2.9\tex\generic\pgf\basiclayer\p
gfcoretransformations.code.tex"
File: pgfcoretransformations.code.tex 2015/08/07  (rcs-revision 1.20)
\pgf@pt@x=\dimen160
\pgf@pt@y=\dimen161
\pgf@pt@temp=\dimen162
)
("C:\Users\nfswx\AppData\Local\Programs\MiKTeX 2.9\tex\generic\pgf\basiclayer\p
gfcorequick.code.tex"
File: pgfcorequick.code.tex 2008/10/09  (rcs-revision 1.3)
)
("C:\Users\nfswx\AppData\Local\Programs\MiKTeX 2.9\tex\generic\pgf\basiclayer\p
gfcoreobjects.code.tex"
File: pgfcoreobjects.code.tex 2006/10/11  (rcs-revision 1.2)
)
("C:\Users\nfswx\AppData\Local\Programs\MiKTeX 2.9\tex\generic\pgf\basiclayer\p
gfcorepathprocessing.code.tex"
File: pgfcorepathprocessing.code.tex 2013/09/09  (rcs-revision 1.9)
)
("C:\Users\nfswx\AppData\Local\Programs\MiKTeX 2.9\tex\generic\pgf\basiclayer\p
gfcorearrows.code.tex"
File: pgfcorearrows.code.tex 2015/05/14  (rcs-revision 1.43)
\pgfarrowsep=\dimen163
)
("C:\Users\nfswx\AppData\Local\Programs\MiKTeX 2.9\tex\generic\pgf\basiclayer\p
gfcoreshade.code.tex"
File: pgfcoreshade.code.tex 2013/07/15  (rcs-revision 1.15)
\pgf@max=\dimen164
\pgf@sys@shading@range@num=\count118
)
("C:\Users\nfswx\AppData\Local\Programs\MiKTeX 2.9\tex\generic\pgf\basiclayer\p
gfcoreimage.code.tex"
File: pgfcoreimage.code.tex 2013/07/15  (rcs-revision 1.18)

("C:\Users\nfswx\AppData\Local\Programs\MiKTeX 2.9\tex\generic\pgf\basiclayer\p
gfcoreexternal.code.tex"
File: pgfcoreexternal.code.tex 2014/07/09  (rcs-revision 1.21)
\pgfexternal@startupbox=\box42
))
("C:\Users\nfswx\AppData\Local\Programs\MiKTeX 2.9\tex\generic\pgf\basiclayer\p
gfcorelayers.code.tex"
File: pgfcorelayers.code.tex 2013/07/18  (rcs-revision 1.7)
)
("C:\Users\nfswx\AppData\Local\Programs\MiKTeX 2.9\tex\generic\pgf\basiclayer\p
gfcoretransparency.code.tex"
File: pgfcoretransparency.code.tex 2013/09/30  (rcs-revision 1.5)
)
("C:\Users\nfswx\AppData\Local\Programs\MiKTeX 2.9\tex\generic\pgf\basiclayer\p
gfcorepatterns.code.tex"
File: pgfcorepatterns.code.tex 2013/11/07  (rcs-revision 1.5)
)))
("C:\Users\nfswx\AppData\Local\Programs\MiKTeX 2.9\tex\latex\pgf\utilities\xxco
lor.sty"
Package: xxcolor 2003/10/24 ver 0.1
\XC@nummixins=\count119
\XC@countmixins=\count120
)
("C:\Users\nfswx\AppData\Local\Programs\MiKTeX 2.9\tex\generic\oberdiek\atbegsh
i.sty"
Package: atbegshi 2016/06/09 v1.18 At begin shipout hook (HO)

("C:\Users\nfswx\AppData\Local\Programs\MiKTeX 2.9\tex\generic\oberdiek\infware
rr.sty"
Package: infwarerr 2016/05/16 v1.4 Providing info/warning/error messages (HO)
)
("C:\Users\nfswx\AppData\Local\Programs\MiKTeX 2.9\tex\generic\oberdiek\ltxcmds
.sty"
Package: ltxcmds 2016/05/16 v1.23 LaTeX kernel commands for general use (HO)
))
("C:\Users\nfswx\AppData\Local\Programs\MiKTeX 2.9\tex\latex\hyperref\hyperref.
sty"
Package: hyperref 2018/09/30 v6.88a Hypertext links for LaTeX

("C:\Users\nfswx\AppData\Local\Programs\MiKTeX 2.9\tex\generic\oberdiek\hobsub-
hyperref.sty"
Package: hobsub-hyperref 2016/05/16 v1.14 Bundle oberdiek, subset hyperref (HO)


("C:\Users\nfswx\AppData\Local\Programs\MiKTeX 2.9\tex\generic\oberdiek\hobsub-
generic.sty"
Package: hobsub-generic 2016/05/16 v1.14 Bundle oberdiek, subset generic (HO)
Package: hobsub 2016/05/16 v1.14 Construct package bundles (HO)
Package hobsub Info: Skipping package `infwarerr' (already loaded).
Package hobsub Info: Skipping package `ltxcmds' (already loaded).
Package: ifluatex 2016/05/16 v1.4 Provides the ifluatex switch (HO)
Package ifluatex Info: LuaTeX not detected.
Package hobsub Info: Skipping package `ifvtex' (already loaded).
Package: intcalc 2016/05/16 v1.2 Expandable calculations with integers (HO)
Package hobsub Info: Skipping package `ifpdf' (already loaded).
Package: etexcmds 2016/05/16 v1.6 Avoid name clashes with e-TeX commands (HO)
Package etexcmds Info: Could not find \expanded.
(etexcmds)             That can mean that you are not using pdfTeX 1.50 or
(etexcmds)             that some package has redefined \expanded.
(etexcmds)             In the latter case, load this package earlier.
Package: kvsetkeys 2016/05/16 v1.17 Key value parser (HO)
Package: kvdefinekeys 2016/05/16 v1.4 Define keys (HO)
Package: pdftexcmds 2018/09/10 v0.29 Utility functions of pdfTeX for LuaTeX (HO
)
Package pdftexcmds Info: LuaTeX not detected.
Package pdftexcmds Info: \pdf@primitive is available.
Package pdftexcmds Info: \pdf@ifprimitive is available.
Package pdftexcmds Info: \pdfdraftmode found.
Package: pdfescape 2016/05/16 v1.14 Implements pdfTeX's escape features (HO)
Package: bigintcalc 2016/05/16 v1.4 Expandable calculations on big integers (HO
)
Package: bitset 2016/05/16 v1.2 Handle bit-vector datatype (HO)
Package: uniquecounter 2016/05/16 v1.3 Provide unlimited unique counter (HO)
)
Package hobsub Info: Skipping package `hobsub' (already loaded).
Package: letltxmacro 2016/05/16 v1.5 Let assignment for LaTeX macros (HO)
Package: hopatch 2016/05/16 v1.3 Wrapper for package hooks (HO)
Package: xcolor-patch 2016/05/16 xcolor patch
Package: atveryend 2016/05/16 v1.9 Hooks at the very end of document (HO)
Package hobsub Info: Skipping package `atbegshi' (already loaded).
Package: refcount 2016/05/16 v3.5 Data extraction from label references (HO)
Package: hycolor 2016/05/16 v1.8 Color options for hyperref/bookmark (HO)
)
("C:\Users\nfswx\AppData\Local\Programs\MiKTeX 2.9\tex\latex\oberdiek\auxhook.s
ty"
Package: auxhook 2016/05/16 v1.4 Hooks for auxiliary files (HO)
)
("C:\Users\nfswx\AppData\Local\Programs\MiKTeX 2.9\tex\latex\oberdiek\kvoptions
.sty"
Package: kvoptions 2016/05/16 v3.12 Key value format for package options (HO)
)
\@linkdim=\dimen165
\Hy@linkcounter=\count121
\Hy@pagecounter=\count122

("C:\Users\nfswx\AppData\Local\Programs\MiKTeX 2.9\tex\latex\hyperref\pd1enc.de
f"
File: pd1enc.def 2018/09/30 v6.88a Hyperref: PDFDocEncoding definition (HO)
Now handling font encoding PD1 ...
... no UTF-8 mapping file for font encoding PD1
)
\Hy@SavedSpaceFactor=\count123

("C:\Users\nfswx\AppData\Local\Programs\MiKTeX 2.9\tex\latex\00miktex\hyperref.
cfg"
File: hyperref.cfg 2002/06/06 v1.2 hyperref configuration of TeXLive
)
Package hyperref Info: Option `bookmarks' set `true' on input line 4409.
Package hyperref Info: Option `bookmarksopen' set `true' on input line 4409.
Package hyperref Info: Option `implicit' set `false' on input line 4409.
Package hyperref Info: Hyper figures OFF on input line 4535.
Package hyperref Info: Link nesting OFF on input line 4540.
Package hyperref Info: Hyper index ON on input line 4543.
Package hyperref Info: Plain pages OFF on input line 4550.
Package hyperref Info: Backreferencing OFF on input line 4555.
Package hyperref Info: Implicit mode OFF; no redefinition of LaTeX internals.
Package hyperref Info: Bookmarks ON on input line 4788.
\c@Hy@tempcnt=\count124
 ("C:\Users\nfswx\AppData\Local\Programs\MiKTeX 2.9\tex\latex\url\url.sty"
\Urlmuskip=\muskip10
Package: url 2013/09/16  ver 3.4  Verb mode for urls, etc.
)
LaTeX Info: Redefining \url on input line 5141.
\XeTeXLinkMargin=\dimen166
\Fld@menulength=\count125
\Field@Width=\dimen167
\Fld@charsize=\dimen168
Package hyperref Info: Hyper figures OFF on input line 6396.
Package hyperref Info: Link nesting OFF on input line 6401.
Package hyperref Info: Hyper index ON on input line 6404.
Package hyperref Info: backreferencing OFF on input line 6411.
Package hyperref Info: Link coloring OFF on input line 6416.
Package hyperref Info: Link coloring with OCG OFF on input line 6421.
Package hyperref Info: PDF/A mode OFF on input line 6426.
LaTeX Info: Redefining \ref on input line 6466.
LaTeX Info: Redefining \pageref on input line 6470.
\Hy@abspage=\count126


Package hyperref Message: Stopped early.

)
Package hyperref Info: Driver (autodetected): hpdftex.

("C:\Users\nfswx\AppData\Local\Programs\MiKTeX 2.9\tex\latex\hyperref\hpdftex.d
ef"
File: hpdftex.def 2018/09/30 v6.88a Hyperref driver for pdfTeX
\Fld@listcount=\count127
\c@bookmark@seq@number=\count128

("C:\Users\nfswx\AppData\Local\Programs\MiKTeX 2.9\tex\latex\oberdiek\rerunfile
check.sty"
Package: rerunfilecheck 2016/05/16 v1.8 Rerun checks for auxiliary files (HO)
Package uniquecounter Info: New unique counter `rerunfilecheck' on input line 2
82.
))
("C:\Users\nfswx\AppData\Local\Programs\MiKTeX 2.9\tex\latex\beamer\beamerbaser
equires.sty"
("C:\Users\nfswx\AppData\Local\Programs\MiKTeX 2.9\tex\latex\beamer\beamerbasec
ompatibility.sty")
("C:\Users\nfswx\AppData\Local\Programs\MiKTeX 2.9\tex\latex\beamer\beamerbasef
ont.sty"
("C:\Users\nfswx\AppData\Local\Programs\MiKTeX 2.9\tex\latex\amsfonts\amssymb.s
ty"
Package: amssymb 2013/01/14 v3.01 AMS font symbols

("C:\Users\nfswx\AppData\Local\Programs\MiKTeX 2.9\tex\latex\amsfonts\amsfonts.
sty"
Package: amsfonts 2013/01/14 v3.01 Basic AMSFonts support
\@emptytoks=\toks28
\symAMSa=\mathgroup4
\symAMSb=\mathgroup5
LaTeX Font Info:    Overwriting math alphabet `\mathfrak' in version `bold'
(Font)                  U/euf/m/n --> U/euf/b/n on input line 106.
)))
("C:\Users\nfswx\AppData\Local\Programs\MiKTeX 2.9\tex\latex\beamer\beamerbaset
ranslator.sty"
("C:\Users\nfswx\AppData\Local\Programs\MiKTeX 2.9\tex\latex\translator\transla
tor.sty"
Package: translator 2019-05-31 v1.12a Easy translation of strings in LaTeX
))
("C:\Users\nfswx\AppData\Local\Programs\MiKTeX 2.9\tex\latex\beamer\beamerbasem
isc.sty")
("C:\Users\nfswx\AppData\Local\Programs\MiKTeX 2.9\tex\latex\beamer\beamerbaset
woscreens.sty")
("C:\Users\nfswx\AppData\Local\Programs\MiKTeX 2.9\tex\latex\beamer\beamerbaseo
verlay.sty"
\beamer@argscount=\count129
\beamer@lastskipcover=\skip47
\beamer@trivlistdepth=\count130
)
("C:\Users\nfswx\AppData\Local\Programs\MiKTeX 2.9\tex\latex\beamer\beamerbaset
itle.sty")
("C:\Users\nfswx\AppData\Local\Programs\MiKTeX 2.9\tex\latex\beamer\beamerbases
ection.sty"
\c@lecture=\count131
\c@part=\count132
\c@section=\count133
\c@subsection=\count134
\c@subsubsection=\count135
)
("C:\Users\nfswx\AppData\Local\Programs\MiKTeX 2.9\tex\latex\beamer\beamerbasef
rame.sty"
\beamer@framebox=\box43
\beamer@frametitlebox=\box44
\beamer@zoombox=\box45
\beamer@zoomcount=\count136
\beamer@zoomframecount=\count137
\beamer@frametextheight=\dimen169
\c@subsectionslide=\count138
\beamer@frametopskip=\skip48
\beamer@framebottomskip=\skip49
\beamer@frametopskipautobreak=\skip50
\beamer@framebottomskipautobreak=\skip51
\beamer@envbody=\toks29
\framewidth=\dimen170
\c@framenumber=\count139
)
("C:\Users\nfswx\AppData\Local\Programs\MiKTeX 2.9\tex\latex\beamer\beamerbasev
erbatim.sty"
\beamer@verbatimfileout=\write4
)
("C:\Users\nfswx\AppData\Local\Programs\MiKTeX 2.9\tex\latex\beamer\beamerbasef
ramesize.sty"
\beamer@splitbox=\box46
\beamer@autobreakcount=\count140
\beamer@autobreaklastheight=\dimen171
\beamer@frametitletoks=\toks30
\beamer@framesubtitletoks=\toks31
)
("C:\Users\nfswx\AppData\Local\Programs\MiKTeX 2.9\tex\latex\beamer\beamerbasef
ramecomponents.sty"
\beamer@footins=\box47
)
("C:\Users\nfswx\AppData\Local\Programs\MiKTeX 2.9\tex\latex\beamer\beamerbasec
olor.sty")
("C:\Users\nfswx\AppData\Local\Programs\MiKTeX 2.9\tex\latex\beamer\beamerbasen
otes.sty"
\beamer@frameboxcopy=\box48
)
("C:\Users\nfswx\AppData\Local\Programs\MiKTeX 2.9\tex\latex\beamer\beamerbaset
oc.sty")
("C:\Users\nfswx\AppData\Local\Programs\MiKTeX 2.9\tex\latex\beamer\beamerbaset
emplates.sty"
\beamer@sbttoks=\toks32

("C:\Users\nfswx\AppData\Local\Programs\MiKTeX 2.9\tex\latex\beamer\beamerbasea
uxtemplates.sty"
("C:\Users\nfswx\AppData\Local\Programs\MiKTeX 2.9\tex\latex\beamer\beamerbaseb
oxes.sty"
\bmb@box=\box49
\bmb@colorbox=\box50
\bmb@boxshadow=\box51
\bmb@boxshadowball=\box52
\bmb@boxshadowballlarge=\box53
\bmb@temp=\dimen172
\bmb@dima=\dimen173
\bmb@dimb=\dimen174
\bmb@prevheight=\dimen175
)
\beamer@blockheadheight=\dimen176
))
("C:\Users\nfswx\AppData\Local\Programs\MiKTeX 2.9\tex\latex\beamer\beamerbasel
ocalstructure.sty"
("C:\Users\nfswx\AppData\Local\Programs\MiKTeX 2.9\tex\latex\tools\enumerate.st
y"
Package: enumerate 2015/07/23 v3.00 enumerate extensions (DPC)
\@enLab=\toks33
)
\c@figure=\count141
\c@table=\count142
\abovecaptionskip=\skip52
\belowcaptionskip=\skip53
)
("C:\Users\nfswx\AppData\Local\Programs\MiKTeX 2.9\tex\latex\beamer\beamerbasen
avigation.sty"
\beamer@section@min@dim=\dimen177
)
("C:\Users\nfswx\AppData\Local\Programs\MiKTeX 2.9\tex\latex\beamer\beamerbaset
heorems.sty"
("C:\Users\nfswx\AppData\Local\Programs\MiKTeX 2.9\tex\latex\amsmath\amsmath.st
y"
Package: amsmath 2017/09/02 v2.17a AMS math features
\@mathmargin=\skip54

For additional information on amsmath, use the `?' option.

("C:\Users\nfswx\AppData\Local\Programs\MiKTeX 2.9\tex\latex\amsmath\amstext.st
y"
Package: amstext 2000/06/29 v2.01 AMS text

("C:\Users\nfswx\AppData\Local\Programs\MiKTeX 2.9\tex\latex\amsmath\amsgen.sty
"
File: amsgen.sty 1999/11/30 v2.0 generic functions
\@emptytoks=\toks34
\ex@=\dimen178
))
("C:\Users\nfswx\AppData\Local\Programs\MiKTeX 2.9\tex\latex\amsmath\amsbsy.sty
"
Package: amsbsy 1999/11/29 v1.2d Bold Symbols
\pmbraise@=\dimen179
)
("C:\Users\nfswx\AppData\Local\Programs\MiKTeX 2.9\tex\latex\amsmath\amsopn.sty
"
Package: amsopn 2016/03/08 v2.02 operator names
)
\inf@bad=\count143
LaTeX Info: Redefining \frac on input line 213.
\uproot@=\count144
\leftroot@=\count145
LaTeX Info: Redefining \overline on input line 375.
\classnum@=\count146
\DOTSCASE@=\count147
LaTeX Info: Redefining \ldots on input line 472.
LaTeX Info: Redefining \dots on input line 475.
LaTeX Info: Redefining \cdots on input line 596.
\Mathstrutbox@=\box54
\strutbox@=\box55
\big@size=\dimen180
LaTeX Font Info:    Redeclaring font encoding OML on input line 712.
LaTeX Font Info:    Redeclaring font encoding OMS on input line 713.
\macc@depth=\count148
\c@MaxMatrixCols=\count149
\dotsspace@=\muskip11
\c@parentequation=\count150
\dspbrk@lvl=\count151
\tag@help=\toks35
\row@=\count152
\column@=\count153
\maxfields@=\count154
\andhelp@=\toks36
\eqnshift@=\dimen181
\alignsep@=\dimen182
\tagshift@=\dimen183
\tagwidth@=\dimen184
\totwidth@=\dimen185
\lineht@=\dimen186
\@envbody=\toks37
\multlinegap=\skip55
\multlinetaggap=\skip56
\mathdisplay@stack=\toks38
LaTeX Info: Redefining \[ on input line 2817.
LaTeX Info: Redefining \] on input line 2818.
)
("C:\Users\nfswx\AppData\Local\Programs\MiKTeX 2.9\tex\latex\amscls\amsthm.sty"
Package: amsthm 2017/10/31 v2.20.4
\thm@style=\toks39
\thm@bodyfont=\toks40
\thm@headfont=\toks41
\thm@notefont=\toks42
\thm@headpunct=\toks43
\thm@preskip=\skip57
\thm@postskip=\skip58
\thm@headsep=\skip59
\dth@everypar=\toks44
)
\c@theorem=\count155
)
("C:\Users\nfswx\AppData\Local\Programs\MiKTeX 2.9\tex\latex\beamer\beamerbaset
hemes.sty"))
("C:\Users\nfswx\AppData\Local\Programs\MiKTeX 2.9\tex\latex\beamer\beamertheme
default.sty"
("C:\Users\nfswx\AppData\Local\Programs\MiKTeX 2.9\tex\latex\beamer\beamerfontt
hemedefault.sty")
("C:\Users\nfswx\AppData\Local\Programs\MiKTeX 2.9\tex\latex\beamer\beamercolor
themedefault.sty")
("C:\Users\nfswx\AppData\Local\Programs\MiKTeX 2.9\tex\latex\beamer\beamerinner
themedefault.sty"
\beamer@dima=\dimen187
\beamer@dimb=\dimen188
)
("C:\Users\nfswx\AppData\Local\Programs\MiKTeX 2.9\tex\latex\beamer\beamerouter
themedefault.sty"))) (beamerthemeAalborg.sty
Package: beamerthemeAalborg 2012/01/17 v0.1.1 The Aalborg Beamer Theme

("C:\Users\nfswx\AppData\Local\Programs\MiKTeX 2.9\tex\latex\pgf\frontendlayer\
tikz.sty"
("C:\Users\nfswx\AppData\Local\Programs\MiKTeX 2.9\tex\latex\pgf\basiclayer\pgf
.sty"
Package: pgf 2015/08/07 v3.0.1a (rcs-revision 1.15)

("C:\Users\nfswx\AppData\Local\Programs\MiKTeX 2.9\tex\generic\pgf\modules\pgfm
oduleshapes.code.tex"
File: pgfmoduleshapes.code.tex 2014/03/21  (rcs-revision 1.35)
\pgfnodeparttextbox=\box56
)
("C:\Users\nfswx\AppData\Local\Programs\MiKTeX 2.9\tex\generic\pgf\modules\pgfm
oduleplot.code.tex"
File: pgfmoduleplot.code.tex 2015/08/03  (rcs-revision 1.13)
)
("C:\Users\nfswx\AppData\Local\Programs\MiKTeX 2.9\tex\latex\pgf\compatibility\
pgfcomp-version-0-65.sty"
Package: pgfcomp-version-0-65 2007/07/03 v3.0.1a (rcs-revision 1.7)
\pgf@nodesepstart=\dimen189
\pgf@nodesepend=\dimen190
)
("C:\Users\nfswx\AppData\Local\Programs\MiKTeX 2.9\tex\latex\pgf\compatibility\
pgfcomp-version-1-18.sty"
Package: pgfcomp-version-1-18 2007/07/23 v3.0.1a (rcs-revision 1.1)
))
("C:\Users\nfswx\AppData\Local\Programs\MiKTeX 2.9\tex\latex\pgf\utilities\pgff
or.sty"
("C:\Users\nfswx\AppData\Local\Programs\MiKTeX 2.9\tex\latex\pgf\utilities\pgfk
eys.sty"
("C:\Users\nfswx\AppData\Local\Programs\MiKTeX 2.9\tex\generic\pgf\utilities\pg
fkeys.code.tex"))
("C:\Users\nfswx\AppData\Local\Programs\MiKTeX 2.9\tex\latex\pgf\math\pgfmath.s
ty"
("C:\Users\nfswx\AppData\Local\Programs\MiKTeX 2.9\tex\generic\pgf\math\pgfmath
.code.tex"))
("C:\Users\nfswx\AppData\Local\Programs\MiKTeX 2.9\tex\generic\pgf\utilities\pg
ffor.code.tex"
Package: pgffor 2013/12/13 v3.0.1a (rcs-revision 1.25)

("C:\Users\nfswx\AppData\Local\Programs\MiKTeX 2.9\tex\generic\pgf\math\pgfmath
.code.tex")
\pgffor@iter=\dimen191
\pgffor@skip=\dimen192
\pgffor@stack=\toks45
\pgffor@toks=\toks46
))
("C:\Users\nfswx\AppData\Local\Programs\MiKTeX 2.9\tex\generic\pgf\frontendlaye
r\tikz\tikz.code.tex"
Package: tikz 2015/08/07 v3.0.1a (rcs-revision 1.151)

("C:\Users\nfswx\AppData\Local\Programs\MiKTeX 2.9\tex\generic\pgf\libraries\pg
flibraryplothandlers.code.tex"
File: pgflibraryplothandlers.code.tex 2013/08/31 v3.0.1a (rcs-revision 1.20)
\pgf@plot@mark@count=\count156
\pgfplotmarksize=\dimen193
)
\tikz@lastx=\dimen194
\tikz@lasty=\dimen195
\tikz@lastxsaved=\dimen196
\tikz@lastysaved=\dimen197
\tikzleveldistance=\dimen198
\tikzsiblingdistance=\dimen199
\tikz@figbox=\box57
\tikz@figbox@bg=\box58
\tikz@tempbox=\box59
\tikz@tempbox@bg=\box60
\tikztreelevel=\count157
\tikznumberofchildren=\count158
\tikznumberofcurrentchild=\count159
\tikz@fig@count=\count160

("C:\Users\nfswx\AppData\Local\Programs\MiKTeX 2.9\tex\generic\pgf\modules\pgfm
odulematrix.code.tex"
File: pgfmodulematrix.code.tex 2013/09/17  (rcs-revision 1.8)
\pgfmatrixcurrentrow=\count161
\pgfmatrixcurrentcolumn=\count162
\pgf@matrix@numberofcolumns=\count163
)
\tikz@expandcount=\count164

("C:\Users\nfswx\AppData\Local\Programs\MiKTeX 2.9\tex\generic\pgf\frontendlaye
r\tikz\libraries\tikzlibrarytopaths.code.tex"
File: tikzlibrarytopaths.code.tex 2008/06/17 v3.0.1a (rcs-revision 1.2)
)))
("C:\Users\nfswx\AppData\Local\Programs\MiKTeX 2.9\tex\latex\tools\calc.sty"
Package: calc 2017/05/25 v4.3 Infix arithmetic (KKT,FJ)
\calc@Acount=\count165
\calc@Bcount=\count166
\calc@Adimen=\dimen256
\calc@Bdimen=\dimen257
\calc@Askip=\skip60
\calc@Bskip=\skip61
LaTeX Info: Redefining \setlength on input line 80.
LaTeX Info: Redefining \addtolength on input line 81.
\calc@Ccount=\count167
\calc@Cskip=\skip62
)
(beamerinnerthemeAalborg.sty
Package: beamerinnerthemeAalborg 2012/01/17 v0.1.1 The Aalborg Beamer Theme
\beamer@titlepagewidth=\skip63
) (beamerouterthemeAalborg.sty
Package: beamerouterthemeAalborg 2012/01/17 v0.1.1 The Aalborg Beamer Theme
\beamer@width=\skip64
\beamer@height=\skip65
\beamer@barwidth=\skip66
)
(beamercolorthemeAalborg.sty
Package: beamercolorthemeAalborg 2012/01/17 v0.1.1 The Aalborg Beamer Theme
))
("C:\Users\nfswx\AppData\Local\Programs\MiKTeX 2.9\tex\latex\base\inputenc.sty"
Package: inputenc 2018/04/06 v1.3b Input encoding file
\inpenc@prehook=\toks47
\inpenc@posthook=\toks48
) ("C:\Users\nfswx\AppData\Local\Programs\MiKTeX 2.9\tex\generic\babel\babel.st
y"
Package: babel 2018/09/26 3.24 The Babel package

("C:\Users\nfswx\AppData\Local\Programs\MiKTeX 2.9\tex\generic\babel\switch.def
"
File: switch.def 2018/09/26 3.24 Babel switching mechanism
)
*************************************
* Local config file bblopts.cfg used
*
("C:\Users\nfswx\AppData\Local\Programs\MiKTeX 2.9\tex\latex\arabi\bblopts.cfg"
File: bblopts.cfg 2005/09/08 v0.1 add Arabic and Farsi to "declared" options of
 babel
)
("C:\Users\nfswx\AppData\Local\Programs\MiKTeX 2.9\tex\latex\babel-english\engl
ish.ldf"
Language: english 2017/06/06 v3.3r English support from the babel system

("C:\Users\nfswx\AppData\Local\Programs\MiKTeX 2.9\tex\generic\babel\babel.def"
File: babel.def 2018/09/26 3.24 Babel common definitions
\babel@savecnt=\count168
\U@D=\dimen258

("C:\Users\nfswx\AppData\Local\Programs\MiKTeX 2.9\tex\generic\babel\txtbabel.d
ef")
LaTeX Info: Redefining \textlatin on input line 1976.
\bbl@dirlevel=\count169
)
\l@canadian = a dialect from \language\l@american 
\l@australian = a dialect from \language\l@british 
\l@newzealand = a dialect from \language\l@british 
))
("C:\Users\nfswx\AppData\Local\Programs\MiKTeX 2.9\tex\latex\base\fontenc.sty"
Package: fontenc 2017/04/05 v2.0i Standard LaTeX package

("C:\Users\nfswx\AppData\Local\Programs\MiKTeX 2.9\tex\latex\base\t1enc.def"
File: t1enc.def 2017/04/05 v2.0i Standard LaTeX file
LaTeX Font Info:    Redeclaring font encoding T1 on input line 48.
))
("C:\Users\nfswx\AppData\Local\Programs\MiKTeX 2.9\tex\latex\threeparttable\thr
eeparttable.sty"
Package: threeparttable 2003/06/13  v 3.0
\@tempboxb=\box61
)
("C:\Users\nfswx\AppData\Local\Programs\MiKTeX 2.9\tex\latex\lm\lmodern.sty"
Package: lmodern 2009/10/30 v1.6 Latin Modern Fonts
LaTeX Font Info:    Overwriting symbol font `operators' in version `normal'
(Font)                  OT1/cmr/m/n --> OT1/lmr/m/n on input line 22.
LaTeX Font Info:    Overwriting symbol font `letters' in version `normal'
(Font)                  OML/cmm/m/it --> OML/lmm/m/it on input line 23.
LaTeX Font Info:    Overwriting symbol font `symbols' in version `normal'
(Font)                  OMS/cmsy/m/n --> OMS/lmsy/m/n on input line 24.
LaTeX Font Info:    Overwriting symbol font `largesymbols' in version `normal'
(Font)                  OMX/cmex/m/n --> OMX/lmex/m/n on input line 25.
LaTeX Font Info:    Overwriting symbol font `operators' in version `bold'
(Font)                  OT1/cmr/bx/n --> OT1/lmr/bx/n on input line 26.
LaTeX Font Info:    Overwriting symbol font `letters' in version `bold'
(Font)                  OML/cmm/b/it --> OML/lmm/b/it on input line 27.
LaTeX Font Info:    Overwriting symbol font `symbols' in version `bold'
(Font)                  OMS/cmsy/b/n --> OMS/lmsy/b/n on input line 28.
LaTeX Font Info:    Overwriting symbol font `largesymbols' in version `bold'
(Font)                  OMX/cmex/m/n --> OMX/lmex/m/n on input line 29.
LaTeX Font Info:    Overwriting math alphabet `\mathbf' in version `normal'
(Font)                  OT1/cmr/bx/n --> OT1/lmr/bx/n on input line 31.
LaTeX Font Info:    Overwriting math alphabet `\mathsf' in version `normal'
(Font)                  OT1/cmss/m/n --> OT1/lmss/m/n on input line 32.
LaTeX Font Info:    Overwriting math alphabet `\mathit' in version `normal'
(Font)                  OT1/cmr/m/it --> OT1/lmr/m/it on input line 33.
LaTeX Font Info:    Overwriting math alphabet `\mathtt' in version `normal'
(Font)                  OT1/cmtt/m/n --> OT1/lmtt/m/n on input line 34.
LaTeX Font Info:    Overwriting math alphabet `\mathbf' in version `bold'
(Font)                  OT1/cmr/bx/n --> OT1/lmr/bx/n on input line 35.
LaTeX Font Info:    Overwriting math alphabet `\mathsf' in version `bold'
(Font)                  OT1/cmss/bx/n --> OT1/lmss/bx/n on input line 36.
LaTeX Font Info:    Overwriting math alphabet `\mathit' in version `bold'
(Font)                  OT1/cmr/bx/it --> OT1/lmr/bx/it on input line 37.
LaTeX Font Info:    Overwriting math alphabet `\mathtt' in version `bold'
(Font)                  OT1/cmtt/m/n --> OT1/lmtt/m/n on input line 38.
)
("C:\Users\nfswx\AppData\Local\Programs\MiKTeX 2.9\tex\latex\caption\subcaption
.sty"
Package: subcaption 2018/05/01 v1.1-162 Sub-captions (AR)

("C:\Users\nfswx\AppData\Local\Programs\MiKTeX 2.9\tex\latex\caption\caption.st
y"
Package: caption 2018/10/06 v3.3-154 Customizing captions (AR)

("C:\Users\nfswx\AppData\Local\Programs\MiKTeX 2.9\tex\latex\caption\caption3.s
ty"
Package: caption3 2018/09/12 v1.8c caption3 kernel (AR)
Package caption3 Info: TeX engine: e-TeX on input line 64.
\captionmargin=\dimen259
\captionmargin@=\dimen260
\captionwidth=\dimen261
\caption@tempdima=\dimen262
\caption@indent=\dimen263
\caption@parindent=\dimen264
\caption@hangindent=\dimen265
)
\c@caption@flags=\count170
\c@ContinuedFloat=\count171
Package caption Info: beamer document class.
Package caption Info: hyperref package is loaded.
Package caption Info: Hyperref support is turned off
(caption)             because hyperref has stopped early.
Package caption Info: threeparttable package is loaded.
)
\c@subfigure=\count172
\c@subtable=\count173
)
("C:\Users\nfswx\AppData\Local\Programs\MiKTeX 2.9\tex\latex\algorithms\algorit
hm.sty"
Package: algorithm 2009/08/24 v0.1 Document Style `algorithm' - floating enviro
nment

("C:\Users\nfswx\AppData\Local\Programs\MiKTeX 2.9\tex\latex\float\float.sty"
Package: float 2001/11/08 v1.3d Float enhancements (AL)
\c@float@type=\count174
\float@exts=\toks49
\float@box=\box62
\@float@everytoks=\toks50
\@floatcapt=\box63
)
("C:\Users\nfswx\AppData\Local\Programs\MiKTeX 2.9\tex\latex\base\ifthen.sty"
Package: ifthen 2014/09/29 v1.1c Standard LaTeX ifthen package (DPC)
)
\@float@every@algorithm=\toks51
\c@algorithm=\count175
)
("C:\Users\nfswx\AppData\Local\Programs\MiKTeX 2.9\tex\latex\algorithms\algorit
hmic.sty"
Package: algorithmic 2009/08/24 v0.1 Document Style `algorithmic'
\c@ALC@unique=\count176
\c@ALC@line=\count177
\c@ALC@rem=\count178
\c@ALC@depth=\count179
\ALC@tlm=\skip67
\algorithmicindent=\skip68
)
("C:\Users\nfswx\AppData\Local\Programs\MiKTeX 2.9\tex\latex\biblatex\biblatex.
sty"
Package: biblatex 2018/11/02 v3.12 programmable bibliographies (PK/MW)

("C:\Users\nfswx\AppData\Local\Programs\MiKTeX 2.9\tex\latex\logreq\logreq.sty"
Package: logreq 2010/08/04 v1.0 xml request logger
\lrq@indent=\count180
("C:\Users\nfswx\AppData\Local\Programs\MiKTeX 2.9\tex\latex\logreq\logreq.def"
File: logreq.def 2010/08/04 v1.0 logreq spec v1.0
))
\c@tabx@nest=\count181
\c@listtotal=\count182
\c@listcount=\count183
\c@liststart=\count184
\c@liststop=\count185
\c@citecount=\count186
\c@citetotal=\count187
\c@multicitecount=\count188
\c@multicitetotal=\count189
\c@instcount=\count190
\c@maxnames=\count191
\c@minnames=\count192
\c@maxitems=\count193
\c@minitems=\count194
\c@citecounter=\count195
\c@maxcitecounter=\count196
\c@savedcitecounter=\count197
\c@uniquelist=\count198
\c@uniquename=\count199
\c@refsection=\count266
\c@refsegment=\count267
\c@maxextratitle=\count268
\c@maxextratitleyear=\count269
\c@maxextraname=\count270
\c@maxextradate=\count271
\c@maxextraalpha=\count272
\c@abbrvpenalty=\count273
\c@highnamepenalty=\count274
\c@lownamepenalty=\count275
\c@maxparens=\count276
\c@parenlevel=\count277
\blx@tempcnta=\count278
\blx@tempcntb=\count279
\blx@tempcntc=\count280
\blx@maxsection=\count281
\blx@maxsegment@0=\count282
\blx@notetype=\count283
\blx@parenlevel@text=\count284
\blx@parenlevel@foot=\count285
\blx@sectionciteorder@0=\count286
\blx@entrysetcounter=\count287
\labelnumberwidth=\skip69
\labelalphawidth=\skip70
\biblabelsep=\skip71
\bibitemsep=\skip72
\bibnamesep=\skip73
\bibinitsep=\skip74
\bibparsep=\skip75
\bibhang=\skip76
\blx@bcfin=\read2
\blx@bcfout=\write5
\c@mincomprange=\count288
\c@maxcomprange=\count289
\c@mincompwidth=\count290
Package biblatex Info: Trying to load biblatex default data model...
Package biblatex Info: ... file 'blx-dm.def' found.

("C:\Users\nfswx\AppData\Local\Programs\MiKTeX 2.9\tex\latex\biblatex\blx-dm.de
f"
File: blx-dm.def 2018/11/02 v3.12 biblatex localization (PK/MW)
)
Package biblatex Info: Trying to load biblatex custom data model...
Package biblatex Info: ... file 'biblatex-dm.cfg' not found.
\c@afterword=\count291
\c@savedafterword=\count292
\c@annotator=\count293
\c@savedannotator=\count294
\c@author=\count295
\c@savedauthor=\count296
\c@bookauthor=\count297
\c@savedbookauthor=\count298
\c@commentator=\count299
\c@savedcommentator=\count300
\c@editor=\count301
\c@savededitor=\count302
\c@editora=\count303
\c@savededitora=\count304
\c@editorb=\count305
\c@savededitorb=\count306
\c@editorc=\count307
\c@savededitorc=\count308
\c@foreword=\count309
\c@savedforeword=\count310
\c@holder=\count311
\c@savedholder=\count312
\c@introduction=\count313
\c@savedintroduction=\count314
\c@namea=\count315
\c@savednamea=\count316
\c@nameb=\count317
\c@savednameb=\count318
\c@namec=\count319
\c@savednamec=\count320
\c@translator=\count321
\c@savedtranslator=\count322
\c@shortauthor=\count323
\c@savedshortauthor=\count324
\c@shorteditor=\count325
\c@savedshorteditor=\count326
\c@labelname=\count327
\c@savedlabelname=\count328
\c@institution=\count329
\c@savedinstitution=\count330
\c@lista=\count331
\c@savedlista=\count332
\c@listb=\count333
\c@savedlistb=\count334
\c@listc=\count335
\c@savedlistc=\count336
\c@listd=\count337
\c@savedlistd=\count338
\c@liste=\count339
\c@savedliste=\count340
\c@listf=\count341
\c@savedlistf=\count342
\c@location=\count343
\c@savedlocation=\count344
\c@organization=\count345
\c@savedorganization=\count346
\c@origlocation=\count347
\c@savedoriglocation=\count348
\c@origpublisher=\count349
\c@savedorigpublisher=\count350
\c@publisher=\count351
\c@savedpublisher=\count352
\c@language=\count353
\c@savedlanguage=\count354
\c@origlanguage=\count355
\c@savedoriglanguage=\count356
\c@pageref=\count357
\c@savedpageref=\count358
\shorthandwidth=\skip77
\shortjournalwidth=\skip78
\shortserieswidth=\skip79
\shorttitlewidth=\skip80
\shortauthorwidth=\skip81
\shorteditorwidth=\skip82
\locallabelnumberwidth=\skip83
\locallabelalphawidth=\skip84
\localshorthandwidth=\skip85
\localshortjournalwidth=\skip86
\localshortserieswidth=\skip87
\localshorttitlewidth=\skip88
\localshortauthorwidth=\skip89
\localshorteditorwidth=\skip90
Package biblatex Info: Trying to load compatibility code...
Package biblatex Info: ... file 'blx-compat.def' found.

("C:\Users\nfswx\AppData\Local\Programs\MiKTeX 2.9\tex\latex\biblatex\blx-compa
t.def"
File: blx-compat.def 2018/11/02 v3.12 biblatex compatibility (PK/MW)
)
Package biblatex Info: Trying to load generic definitions...
Package biblatex Info: ... file 'biblatex.def' found.

("C:\Users\nfswx\AppData\Local\Programs\MiKTeX 2.9\tex\latex\biblatex\biblatex.
def"
File: biblatex.def 2018/11/02 v3.12 biblatex compatibility (PK/MW)
\c@textcitecount=\count359
\c@textcitetotal=\count360
\c@textcitemaxnames=\count361
\c@biburlnumpenalty=\count362
\c@biburlucpenalty=\count363
\c@biburllcpenalty=\count364
\c@smartand=\count365
)
Package biblatex Info: Trying to load bibliography style 'numeric'...
Package biblatex Info: ... file 'numeric.bbx' found.

("C:\Users\nfswx\AppData\Local\Programs\MiKTeX 2.9\tex\latex\biblatex\bbx\numer
ic.bbx"
File: numeric.bbx 2018/11/02 v3.12 biblatex bibliography style (PK/MW)
Package biblatex Info: Trying to load bibliography style 'standard'...
Package biblatex Info: ... file 'standard.bbx' found.

("C:\Users\nfswx\AppData\Local\Programs\MiKTeX 2.9\tex\latex\biblatex\bbx\stand
ard.bbx"
File: standard.bbx 2018/11/02 v3.12 biblatex bibliography style (PK/MW)
\c@bbx:relatedcount=\count366
\c@bbx:relatedtotal=\count367
))
Package biblatex Info: Trying to load citation style 'numeric'...
Package biblatex Info: ... file 'numeric.cbx' found.

("C:\Users\nfswx\AppData\Local\Programs\MiKTeX 2.9\tex\latex\biblatex\cbx\numer
ic.cbx"
File: numeric.cbx 2018/11/02 v3.12 biblatex citation style (PK/MW)
Package biblatex Info: Redefining '\cite'.
Package biblatex Info: Redefining '\parencite'.
Package biblatex Info: Redefining '\footcite'.
Package biblatex Info: Redefining '\footcitetext'.
Package biblatex Info: Redefining '\smartcite'.
Package biblatex Info: Redefining '\supercite'.
Package biblatex Info: Redefining '\textcite'.
Package biblatex Info: Redefining '\textcites'.
Package biblatex Info: Redefining '\cites'.
Package biblatex Info: Redefining '\parencites'.
Package biblatex Info: Redefining '\smartcites'.
)
Package biblatex Info: Trying to load configuration file...
Package biblatex Info: ... file 'biblatex.cfg' found.

("C:\Users\nfswx\AppData\Local\Programs\MiKTeX 2.9\tex\latex\biblatex\biblatex.
cfg"
File: biblatex.cfg 
))
("C:\Users\nfswx\AppData\Local\Programs\MiKTeX 2.9\tex\latex\natbib\bibentry.st
y"
Package: bibentry 2007/10/30 1.5 (PWD)
)
("C:\Users\nfswx\AppData\Local\Programs\MiKTeX 2.9\tex\latex\oberdiek\epstopdf.
sty"
Package: epstopdf 2016/05/15 v2.6 Conversion with epstopdf on the fly (HO)

("C:\Users\nfswx\AppData\Local\Programs\MiKTeX 2.9\tex\latex\oberdiek\epstopdf-
base.sty"
Package: epstopdf-base 2016/05/15 v2.6 Base part for package epstopdf

("C:\Users\nfswx\AppData\Local\Programs\MiKTeX 2.9\tex\latex\oberdiek\grfext.st
y"
Package: grfext 2016/05/16 v1.2 Manage graphics extensions (HO)
)
Package epstopdf-base Info: Redefining graphics rule for `.eps' on input line 4
38.
Package grfext Info: Graphics extension search list:
(grfext)             [.pdf,.png,.jpg,.mps,.jpeg,.jbig2,.jb2,.PDF,.PNG,.JPG,.JPE
G,.JBIG2,.JB2,.eps]
(grfext)             \AppendGraphicsExtensions on input line 456.
))
("C:\Users\nfswx\AppData\Local\Programs\MiKTeX 2.9\tex\latex\multirow\multirow.
sty"
Package: multirow 2018/08/03 v2.3 Span multiple rows of a table
\multirow@colwidth=\skip91
\multirow@cntb=\count368
\multirow@dima=\skip92
\bigstrutjot=\dimen266
)
("C:\Users\nfswx\AppData\Local\Programs\MiKTeX 2.9\tex\generic\pgf\frontendlaye
r\tikz\libraries\tikzlibraryshapes.code.tex"
File: tikzlibraryshapes.code.tex 2008/01/09 v3.0.1a (rcs-revision 1.1)

("C:\Users\nfswx\AppData\Local\Programs\MiKTeX 2.9\tex\generic\pgf\frontendlaye
r\tikz\libraries\tikzlibraryshapes.geometric.code.tex"
File: tikzlibraryshapes.geometric.code.tex 2008/01/09 v3.0.1a (rcs-revision 1.1
)

("C:\Users\nfswx\AppData\Local\Programs\MiKTeX 2.9\tex\generic\pgf\libraries\sh
apes\pgflibraryshapes.geometric.code.tex"
File: pgflibraryshapes.geometric.code.tex 2008/06/26 v3.0.1a (rcs-revision 1.1)

))
("C:\Users\nfswx\AppData\Local\Programs\MiKTeX 2.9\tex\generic\pgf\frontendlaye
r\tikz\libraries\tikzlibraryshapes.misc.code.tex"
File: tikzlibraryshapes.misc.code.tex 2008/01/09 v3.0.1a (rcs-revision 1.1)

("C:\Users\nfswx\AppData\Local\Programs\MiKTeX 2.9\tex\generic\pgf\libraries\sh
apes\pgflibraryshapes.misc.code.tex"
File: pgflibraryshapes.misc.code.tex 2013/07/18 v3.0.1a (rcs-revision 1.5)
))
("C:\Users\nfswx\AppData\Local\Programs\MiKTeX 2.9\tex\generic\pgf\frontendlaye
r\tikz\libraries\tikzlibraryshapes.symbols.code.tex"
File: tikzlibraryshapes.symbols.code.tex 2008/01/09 v3.0.1a (rcs-revision 1.1)

("C:\Users\nfswx\AppData\Local\Programs\MiKTeX 2.9\tex\generic\pgf\libraries\sh
apes\pgflibraryshapes.symbols.code.tex"
File: pgflibraryshapes.symbols.code.tex 2013/09/11 v3.0.1a (rcs-revision 1.6)
))
("C:\Users\nfswx\AppData\Local\Programs\MiKTeX 2.9\tex\generic\pgf\frontendlaye
r\tikz\libraries\tikzlibraryshapes.arrows.code.tex"
File: tikzlibraryshapes.arrows.code.tex 2008/01/09 v3.0.1a (rcs-revision 1.1)

("C:\Users\nfswx\AppData\Local\Programs\MiKTeX 2.9\tex\generic\pgf\libraries\sh
apes\pgflibraryshapes.arrows.code.tex"
File: pgflibraryshapes.arrows.code.tex 2008/06/26 v3.0.1a (rcs-revision 1.1)
))
("C:\Users\nfswx\AppData\Local\Programs\MiKTeX 2.9\tex\generic\pgf\frontendlaye
r\tikz\libraries\tikzlibraryshapes.callouts.code.tex"
("C:\Users\nfswx\AppData\Local\Programs\MiKTeX 2.9\tex\generic\pgf\libraries\sh
apes\pgflibraryshapes.callouts.code.tex"))
("C:\Users\nfswx\AppData\Local\Programs\MiKTeX 2.9\tex\generic\pgf\frontendlaye
r\tikz\libraries\tikzlibraryshapes.multipart.code.tex"
File: tikzlibraryshapes.multipart.code.tex 2008/01/09 v3.0.1a (rcs-revision 1.1
)

("C:\Users\nfswx\AppData\Local\Programs\MiKTeX 2.9\tex\generic\pgf\libraries\sh
apes\pgflibraryshapes.multipart.code.tex"
File: pgflibraryshapes.multipart.code.tex 2010/01/07 v3.0.1a (rcs-revision 1.2)

\pgfnodepartlowerbox=\box64
\pgfnodeparttwobox=\box65
\pgfnodepartthreebox=\box66
\pgfnodepartfourbox=\box67
\pgfnodeparttwentybox=\box68
\pgfnodepartnineteenbox=\box69
\pgfnodeparteighteenbox=\box70
\pgfnodepartseventeenbox=\box71
\pgfnodepartsixteenbox=\box72
\pgfnodepartfifteenbox=\box73
\pgfnodepartfourteenbox=\box74
\pgfnodepartthirteenbox=\box75
\pgfnodeparttwelvebox=\box76
\pgfnodepartelevenbox=\box77
\pgfnodeparttenbox=\box78
\pgfnodepartninebox=\box79
\pgfnodeparteightbox=\box80
\pgfnodepartsevenbox=\box81
\pgfnodepartsixbox=\box82
\pgfnodepartfivebox=\box83
)))
("C:\Users\nfswx\AppData\Local\Programs\MiKTeX 2.9\tex\generic\pgf\frontendlaye
r\tikz\libraries\tikzlibraryarrows.code.tex"
File: tikzlibraryarrows.code.tex 2008/01/09 v3.0.1a (rcs-revision 1.1)

("C:\Users\nfswx\AppData\Local\Programs\MiKTeX 2.9\tex\generic\pgf\libraries\pg
flibraryarrows.code.tex"
File: pgflibraryarrows.code.tex 2013/09/23 v3.0.1a (rcs-revision 1.16)
\arrowsize=\dimen267
))
("C:\Users\nfswx\AppData\Local\Programs\MiKTeX 2.9\tex\generic\pgf\frontendlaye
r\tikz\libraries\tikzlibrarypositioning.code.tex"
File: tikzlibrarypositioning.code.tex 2008/10/06 v3.0.1a (rcs-revision 1.7)
)
("C:\Users\nfswx\AppData\Local\Programs\MiKTeX 2.9\tex\generic\pgf\frontendlaye
r\tikz\libraries\tikzlibraryfit.code.tex"
File: tikzlibraryfit.code.tex 2013/07/12 v3.0.1a (rcs-revision 1.5)
)
("C:\Users\nfswx\AppData\Local\Programs\MiKTeX 2.9\tex\generic\pgf\libraries\pg
flibraryarrows.meta.code.tex"
File: pgflibraryarrows.meta.code.tex 2015/05/13 v3.0.1a (rcs-revision 1.13)
\pgfarrowinset=\dimen268
\pgfarrowlength=\dimen269
\pgfarrowwidth=\dimen270
\pgfarrowlinewidth=\dimen271
)
("C:\Users\nfswx\AppData\Local\Programs\MiKTeX 2.9\tex\latex\tkz-graph\tkz-grap
h.sty"
Package: tkz-graph 2018/09/19 ctan v 1.00 d base for graphs

("C:\Users\nfswx\AppData\Local\Programs\MiKTeX 2.9\tex\latex\xkeyval\xkeyval.st
y"
Package: xkeyval 2014/12/03 v2.7a package option processing (HA)

("C:\Users\nfswx\AppData\Local\Programs\MiKTeX 2.9\tex\generic\xkeyval\xkeyval.
tex"
("C:\Users\nfswx\AppData\Local\Programs\MiKTeX 2.9\tex\generic\xkeyval\xkvutils
.tex"
\XKV@toks=\toks52
\XKV@tempa@toks=\toks53
)
\XKV@depth=\count369
File: xkeyval.tex 2014/12/03 v2.7a key=value parser (HA)
))
\c@tkz@gr@a=\count370
\c@tkz@gr@b=\count371
\c@tkz@gr@c=\count372
\c@tkz@gr@e=\count373
\c@tkz@gr@d=\count374
\c@tkz@gr@p=\count375
\c@tkz@gr@i=\count376
\c@tkz@gr@n=\count377
\c@tkz@gr@ta=\count378
\c@tkz@gr@tb=\count379
)
("C:\Users\nfswx\AppData\Local\Programs\MiKTeX 2.9\tex\generic\pgf\frontendlaye
r\tikz\libraries\tikzlibrarybackgrounds.code.tex"
File: tikzlibrarybackgrounds.code.tex 2013/07/18 v3.0.1a (rcs-revision 1.3)
\pgf@layerbox@background=\box84
\pgf@layerboxsaved@background=\box85
)
("C:\Users\nfswx\AppData\Local\Programs\MiKTeX 2.9\tex\generic\pgf\frontendlaye
r\tikz\libraries\tikzlibraryautomata.code.tex"
File: tikzlibraryautomata.code.tex 2008/07/14 v3.0.1a (rcs-revision 1.3)
)

Package hyperref Warning: Token not allowed in a PDF string (PDFDocEncoding):
(hyperref)                removing `\\' on input line 151.


Package pgf Warning: File "tu-logo" not found when defining image "logo2". Trie
d all extensions in ".pdf:.jpg:.jpeg:.png:" on input line 162.


Package pgf Warning: Missing width for image "logo2" ("tu-logo") in draft mode.
 Using 1cm instead on input line 162.

Package biblatex Info: Trying to load language 'english'...
Package biblatex Info: ... file 'english.lbx' found.

("C:\Users\nfswx\AppData\Local\Programs\MiKTeX 2.9\tex\latex\biblatex\lbx\engli
sh.lbx"
File: english.lbx 2018/11/02 v3.12 biblatex localization (PK/MW)
)

Package biblatex Warning: 'babel/polyglossia' detected but 'csquotes' missing.
(biblatex)                Loading 'csquotes' recommended.

\@quotelevel=\count380
\@quotereset=\count381
(SeminarSlidesV2.aux

LaTeX Warning: Label `fig:RNNModel' multiply defined.

)
\openout1 = `SeminarSlidesV2.aux'.

LaTeX Font Info:    Checking defaults for OML/cmm/m/it on input line 176.
LaTeX Font Info:    ... okay on input line 176.
LaTeX Font Info:    Checking defaults for T1/cmr/m/n on input line 176.
LaTeX Font Info:    ... okay on input line 176.
LaTeX Font Info:    Checking defaults for OT1/cmr/m/n on input line 176.
LaTeX Font Info:    ... okay on input line 176.
LaTeX Font Info:    Checking defaults for OMS/cmsy/m/n on input line 176.
LaTeX Font Info:    ... okay on input line 176.
LaTeX Font Info:    Checking defaults for OMX/cmex/m/n on input line 176.
LaTeX Font Info:    ... okay on input line 176.
LaTeX Font Info:    Checking defaults for U/cmr/m/n on input line 176.
LaTeX Font Info:    ... okay on input line 176.
LaTeX Font Info:    Checking defaults for PD1/pdf/m/n on input line 176.
LaTeX Font Info:    ... okay on input line 176.
LaTeX Font Info:    Try loading font information for T1+lmss on input line 176.

 ("C:\Users\nfswx\AppData\Local\Programs\MiKTeX 2.9\tex\latex\lm\t1lmss.fd"
File: t1lmss.fd 2009/10/30 v1.6 Font defs for Latin Modern
)
*geometry* driver: auto-detecting
*geometry* detected driver: pdftex
*geometry* verbose mode - [ preamble ] result:
* driver: pdftex
* paper: custom
* layout: <same size as paper>
* layoutoffset:(h,v)=(0.0pt,0.0pt)
* modes: includehead includefoot 
* h-part:(L,W,R)=(14.22636pt, 278.83713pt, 71.13187pt)
* v-part:(T,H,B)=(0.0pt, 273.14662pt, 0.0pt)
* \paperwidth=364.19536pt
* \paperheight=273.14662pt
* \textwidth=278.83713pt
* \textheight=244.6939pt
* \oddsidemargin=-58.04362pt
* \evensidemargin=-58.04362pt
* \topmargin=-72.26999pt
* \headheight=14.22636pt
* \headsep=0.0pt
* \topskip=10.0pt
* \footskip=14.22636pt
* \marginparwidth=3.0pt
* \marginparsep=11.0pt
* \columnsep=10.0pt
* \skip\footins=9.0pt plus 4.0pt minus 2.0pt
* \hoffset=0.0pt
* \voffset=0.0pt
* \mag=1000
* \@twocolumnfalse
* \@twosidefalse
* \@mparswitchfalse
* \@reversemarginfalse
* (1in=72.27pt=25.4mm, 1cm=28.453pt)


("C:\Users\nfswx\AppData\Local\Programs\MiKTeX 2.9\tex\context\base\supp-pdf.mk
ii"
[Loading MPS to PDF converter (version 2006.09.02).]
\scratchcounter=\count382
\scratchdimen=\dimen272
\scratchbox=\box86
\nofMPsegments=\count383
\nofMParguments=\count384
\everyMPshowfont=\toks54
\MPscratchCnt=\count385
\MPscratchDim=\dimen273
\MPnumerator=\count386
\makeMPintoPDFobject=\count387
\everyMPtoPDFconversion=\toks55
) ABD: EveryShipout initializing macros
\AtBeginShipoutBox=\box87
Package hyperref Info: Link coloring OFF on input line 176.

("C:\Users\nfswx\AppData\Local\Programs\MiKTeX 2.9\tex\latex\hyperref\nameref.s
ty"
Package: nameref 2016/05/21 v2.44 Cross-referencing by name of section

("C:\Users\nfswx\AppData\Local\Programs\MiKTeX 2.9\tex\generic\oberdiek\gettitl
estring.sty"
Package: gettitlestring 2016/05/16 v1.5 Cleanup title references (HO)
)
\c@section@level=\count388
)
LaTeX Info: Redefining \ref on input line 176.
LaTeX Info: Redefining \pageref on input line 176.
LaTeX Info: Redefining \nameref on input line 176.
 (SeminarSlidesV2.out) (SeminarSlidesV2.out)
\@outlinefile=\write6
\openout6 = `SeminarSlidesV2.out'.


("C:\Users\nfswx\AppData\Local\Programs\MiKTeX 2.9\tex\latex\translator\transla
tor-basic-dictionary-English.dict"
Dictionary: translator-basic-dictionary, Language: English 
)
("C:\Users\nfswx\AppData\Local\Programs\MiKTeX 2.9\tex\latex\translator\transla
tor-bibliography-dictionary-English.dict"
Dictionary: translator-bibliography-dictionary, Language: English 
)
("C:\Users\nfswx\AppData\Local\Programs\MiKTeX 2.9\tex\latex\translator\transla
tor-environment-dictionary-English.dict"
Dictionary: translator-environment-dictionary, Language: English 
)
("C:\Users\nfswx\AppData\Local\Programs\MiKTeX 2.9\tex\latex\translator\transla
tor-months-dictionary-English.dict"
Dictionary: translator-months-dictionary, Language: English 
)
("C:\Users\nfswx\AppData\Local\Programs\MiKTeX 2.9\tex\latex\translator\transla
tor-numbers-dictionary-English.dict"
Dictionary: translator-numbers-dictionary, Language: English 
)
("C:\Users\nfswx\AppData\Local\Programs\MiKTeX 2.9\tex\latex\translator\transla
tor-theorem-dictionary-English.dict"
Dictionary: translator-theorem-dictionary, Language: English 
)
Package caption Info: Begin \AtBeginDocument code.
Package caption Info: float package is loaded.
Package caption Info: End \AtBeginDocument code.
Package biblatex Info: Input encoding 'utf8' detected.
Package biblatex Info: Automatic encoding selection.
(biblatex)             Assuming data encoding 'utf8'.
\openout5 = `SeminarSlidesV2.bcf'.

Package biblatex Info: Trying to load bibliographic data...
Package biblatex Info: ... file 'SeminarSlidesV2.bbl' found.
 (SeminarSlidesV2.bbl)
Package biblatex Info: Reference section=0 on input line 176.
Package biblatex Info: Reference segment=0 on input line 176.

(SeminarSlidesV2.nav)
LaTeX Font Info:    Try loading font information for OT1+lmr on input line 180.


("C:\Users\nfswx\AppData\Local\Programs\MiKTeX 2.9\tex\latex\lm\ot1lmr.fd"
File: ot1lmr.fd 2009/10/30 v1.6 Font defs for Latin Modern
)
LaTeX Font Info:    Try loading font information for OML+lmm on input line 180.


("C:\Users\nfswx\AppData\Local\Programs\MiKTeX 2.9\tex\latex\lm\omllmm.fd"
File: omllmm.fd 2009/10/30 v1.6 Font defs for Latin Modern
)
LaTeX Font Info:    Try loading font information for OMS+lmsy on input line 180
.

("C:\Users\nfswx\AppData\Local\Programs\MiKTeX 2.9\tex\latex\lm\omslmsy.fd"
File: omslmsy.fd 2009/10/30 v1.6 Font defs for Latin Modern
)
LaTeX Font Info:    Try loading font information for OMX+lmex on input line 180
.

("C:\Users\nfswx\AppData\Local\Programs\MiKTeX 2.9\tex\latex\lm\omxlmex.fd"
File: omxlmex.fd 2009/10/30 v1.6 Font defs for Latin Modern
)
LaTeX Font Info:    External font `lmex10' loaded for size
(Font)              <10> on input line 180.
LaTeX Font Info:    External font `lmex10' loaded for size
(Font)              <7> on input line 180.
LaTeX Font Info:    External font `lmex10' loaded for size
(Font)              <5> on input line 180.
LaTeX Font Info:    Try loading font information for U+msa on input line 180.

("C:\Users\nfswx\AppData\Local\Programs\MiKTeX 2.9\tex\latex\amsfonts\umsa.fd"
File: umsa.fd 2013/01/14 v3.01 AMS symbols A
)
LaTeX Font Info:    Try loading font information for U+msb on input line 180.
("C:\Users\nfswx\AppData\Local\Programs\MiKTeX 2.9\tex\latex\amsfonts\umsb.fd"
File: umsb.fd 2013/01/14 v3.01 AMS symbols B
)
Overfull \hbox (56.9055pt too wide) in paragraph at lines 180--180
[]$[]  
 []

[1

{C:/Users/nfswx/AppData/Local/MiKTeX/2.9/pdftex/config/pdftex.map}]
(SeminarSlidesV2.toc)
LaTeX Font Info:    External font `lmex10' loaded for size
(Font)              <14.4> on input line 186.

Overfull \hbox (1.18057pt too wide) has occurred while \output is active
[][][] [][]
 []


Overfull \hbox (1.18057pt too wide) has occurred while \output is active
[][][] [][]
 []


Overfull \hbox (1.18057pt too wide) has occurred while \output is active
[][][] [][]
 []


Overfull \hbox (1.18057pt too wide) has occurred while \output is active
[][][] [][]
 []

[2

 <./logo.png>]
Overfull \hbox (1.18057pt too wide) has occurred while \output is active
[][][] [][]
 []


Overfull \hbox (1.18057pt too wide) has occurred while \output is active
[][][] [][]
 []


Overfull \hbox (1.18057pt too wide) has occurred while \output is active
[][][] [][]
 []


Overfull \hbox (1.18057pt too wide) has occurred while \output is active
[][][] [][]
 []

[3

]
Overfull \hbox (1.18057pt too wide) has occurred while \output is active
[][][] [][]
 []


Overfull \hbox (1.18057pt too wide) has occurred while \output is active
[][][] [][]
 []


Overfull \hbox (1.18057pt too wide) has occurred while \output is active
[][][] [][]
 []


Overfull \hbox (1.18057pt too wide) has occurred while \output is active
[][][] [][]
 []

[4

]
Overfull \hbox (1.18057pt too wide) has occurred while \output is active
[][][] [][]
 []


Overfull \hbox (1.18057pt too wide) has occurred while \output is active
[][][] [][]
 []


Overfull \hbox (1.18057pt too wide) has occurred while \output is active
[][][] [][]
 []


Overfull \hbox (1.18057pt too wide) has occurred while \output is active
[][][] [][]
 []

[5

]
Overfull \hbox (1.18057pt too wide) has occurred while \output is active
[][][] [][]
 []


Overfull \hbox (1.18057pt too wide) has occurred while \output is active
[][][] [][]
 []


Overfull \hbox (1.18057pt too wide) has occurred while \output is active
[][][] [][]
 []


Overfull \hbox (1.18057pt too wide) has occurred while \output is active
[][][] [][]
 []

[6

]
Overfull \hbox (1.18057pt too wide) has occurred while \output is active
[][][] [][]
 []


Overfull \hbox (1.18057pt too wide) has occurred while \output is active
[][][] [][]
 []


Overfull \hbox (1.18057pt too wide) has occurred while \output is active
[][][] [][]
 []


Overfull \hbox (1.18057pt too wide) has occurred while \output is active
[][][] [][]
 []

[7

]
Overfull \hbox (1.18057pt too wide) has occurred while \output is active
[][][] [][]
 []


Overfull \hbox (1.18057pt too wide) has occurred while \output is active
[][][] [][]
 []


Overfull \hbox (1.18057pt too wide) has occurred while \output is active
[][][] [][]
 []


Overfull \hbox (1.18057pt too wide) has occurred while \output is active
[][][] [][]
 []

[8

]
Overfull \hbox (1.18057pt too wide) has occurred while \output is active
[][][] [][]
 []


Overfull \hbox (1.18057pt too wide) has occurred while \output is active
[][][] [][]
 []


Overfull \hbox (1.18057pt too wide) has occurred while \output is active
[][][] [][]
 []


Overfull \hbox (1.18057pt too wide) has occurred while \output is active
[][][] [][]
 []

[9

]
LaTeX Font Info:    External font `lmex10' loaded for size
(Font)              <8> on input line 331.
LaTeX Font Info:    External font `lmex10' loaded for size
(Font)              <6> on input line 331.

Overfull \hbox (1.18057pt too wide) has occurred while \output is active
[][][] [][]
 []


Overfull \hbox (1.18057pt too wide) has occurred while \output is active
[][][] [][]
 []


Overfull \hbox (1.18057pt too wide) has occurred while \output is active
[][][] [][]
 []


Overfull \hbox (1.18057pt too wide) has occurred while \output is active
[][][] [][]
 []

[10

]
Overfull \hbox (1.18057pt too wide) has occurred while \output is active
[][][] [][]
 []


Overfull \hbox (1.18057pt too wide) has occurred while \output is active
[][][] [][]
 []


Overfull \hbox (1.18057pt too wide) has occurred while \output is active
[][][] [][]
 []


Overfull \hbox (1.18057pt too wide) has occurred while \output is active
[][][] [][]
 []

[11

]
Overfull \hbox (1.18057pt too wide) has occurred while \output is active
[][][] [][]
 []


Overfull \hbox (1.18057pt too wide) has occurred while \output is active
[][][] [][]
 []


Overfull \hbox (1.18057pt too wide) has occurred while \output is active
[][][] [][]
 []


Overfull \hbox (1.18057pt too wide) has occurred while \output is active
[][][] [][]
 []

[12

]
Overfull \hbox (1.18057pt too wide) has occurred while \output is active
[][][] [][]
 []


Overfull \hbox (1.18057pt too wide) has occurred while \output is active
[][][] [][]
 []


Overfull \hbox (1.18057pt too wide) has occurred while \output is active
[][][] [][]
 []


Overfull \hbox (1.18057pt too wide) has occurred while \output is active
[][][] [][]
 []

[13

]
Overfull \hbox (1.18057pt too wide) has occurred while \output is active
[][][] [][]
 []


Overfull \hbox (1.18057pt too wide) has occurred while \output is active
[][][] [][]
 []


Overfull \hbox (1.18057pt too wide) has occurred while \output is active
[][][] [][]
 []


Overfull \hbox (1.18057pt too wide) has occurred while \output is active
[][][] [][]
 []

[14

]
Overfull \hbox (1.18057pt too wide) has occurred while \output is active
[][][] [][]
 []


Overfull \hbox (1.18057pt too wide) has occurred while \output is active
[][][] [][]
 []


Overfull \hbox (1.18057pt too wide) has occurred while \output is active
[][][] [][]
 []


Overfull \hbox (1.18057pt too wide) has occurred while \output is active
[][][] [][]
 []

[15

]
\openout4 = `SeminarSlidesV2.vrb'.

 (SeminarSlidesV2.vrb)
Overfull \hbox (1.18057pt too wide) has occurred while \output is active
[][][] [][]
 []


Overfull \hbox (1.18057pt too wide) has occurred while \output is active
[][][] [][]
 []


Overfull \hbox (1.18057pt too wide) has occurred while \output is active
[][][] [][]
 []


Overfull \hbox (1.18057pt too wide) has occurred while \output is active
[][][] [][]
 []

[16

]
Overfull \hbox (1.18057pt too wide) has occurred while \output is active
[][][] [][]
 []


Overfull \hbox (1.18057pt too wide) has occurred while \output is active
[][][] [][]
 []


Overfull \hbox (1.18057pt too wide) has occurred while \output is active
[][][] [][]
 []


Overfull \hbox (1.18057pt too wide) has occurred while \output is active
[][][] [][]
 []

[17

]
LaTeX Font Info:    External font `lmex10' loaded for size
(Font)              <9> on input line 540.
LaTeX Font Info:    Try loading font information for T1+lmr on input line 540.
 ("C:\Users\nfswx\AppData\Local\Programs\MiKTeX 2.9\tex\latex\lm\t1lmr.fd"
File: t1lmr.fd 2009/10/30 v1.6 Font defs for Latin Modern
)

LaTeX Font Warning: Font shape `T1/lmss/m/sc' in size <9> not available
(Font)              Font shape `T1/lmr/m/sc' tried instead on input line 540.


Overfull \hbox (1.18057pt too wide) has occurred while \output is active
[][][] [][]
 []


Overfull \hbox (1.18057pt too wide) has occurred while \output is active
[][][] [][]
 []


Overfull \hbox (1.18057pt too wide) has occurred while \output is active
[][][] [][]
 []


Overfull \hbox (1.18057pt too wide) has occurred while \output is active
[][][] [][]
 []

[18

]
\openout4 = `SeminarSlidesV2.vrb'.

 (SeminarSlidesV2.vrb

LaTeX Font Warning: Font shape `T1/lmss/m/sc' in size <10> not available
(Font)              Font shape `T1/lmr/m/sc' tried instead on input line 21.

)
Overfull \hbox (1.18057pt too wide) has occurred while \output is active
[][][] [][]
 []


Overfull \hbox (1.18057pt too wide) has occurred while \output is active
[][][] [][]
 []


Overfull \hbox (1.18057pt too wide) has occurred while \output is active
[][][] [][]
 []


Overfull \hbox (1.18057pt too wide) has occurred while \output is active
[][][] [][]
 []

[19

]
\openout4 = `SeminarSlidesV2.vrb'.

 (SeminarSlidesV2.vrb)
Overfull \hbox (1.18057pt too wide) has occurred while \output is active
[][][] [][]
 []


Overfull \hbox (1.18057pt too wide) has occurred while \output is active
[][][] [][]
 []


Overfull \hbox (1.18057pt too wide) has occurred while \output is active
[][][] [][]
 []


Overfull \hbox (1.18057pt too wide) has occurred while \output is active
[][][] [][]
 []

[20

]
Overfull \hbox (1.18057pt too wide) has occurred while \output is active
[][][] [][]
 []


Overfull \hbox (1.18057pt too wide) has occurred while \output is active
[][][] [][]
 []


Overfull \hbox (1.18057pt too wide) has occurred while \output is active
[][][] [][]
 []


Overfull \hbox (1.18057pt too wide) has occurred while \output is active
[][][] [][]
 []

[21

]
Overfull \hbox (1.18057pt too wide) has occurred while \output is active
[][][] [][]
 []


Overfull \hbox (1.18057pt too wide) has occurred while \output is active
[][][] [][]
 []


Overfull \hbox (1.18057pt too wide) has occurred while \output is active
[][][] [][]
 []


Overfull \hbox (1.18057pt too wide) has occurred while \output is active
[][][] [][]
 []

[22

]
Overfull \hbox (1.18057pt too wide) has occurred while \output is active
[][][] [][]
 []


Overfull \hbox (1.18057pt too wide) has occurred while \output is active
[][][] [][]
 []


Overfull \hbox (1.18057pt too wide) has occurred while \output is active
[][][] [][]
 []


Overfull \hbox (1.18057pt too wide) has occurred while \output is active
[][][] [][]
 []

[23

]
Overfull \hbox (1.18057pt too wide) has occurred while \output is active
[][][] [][]
 []


Overfull \hbox (1.18057pt too wide) has occurred while \output is active
[][][] [][]
 []


Overfull \hbox (1.18057pt too wide) has occurred while \output is active
[][][] [][]
 []


Overfull \hbox (1.18057pt too wide) has occurred while \output is active
[][][] [][]
 []

[24

]
\openout4 = `SeminarSlidesV2.vrb'.

 (SeminarSlidesV2.vrb)
Overfull \vbox (8.94958pt too high) detected at line 786
 []


Overfull \hbox (1.18057pt too wide) has occurred while \output is active
[][][] [][]
 []


Overfull \hbox (1.18057pt too wide) has occurred while \output is active
[][][] [][]
 []


Overfull \hbox (1.18057pt too wide) has occurred while \output is active
[][][] [][]
 []


Overfull \hbox (1.18057pt too wide) has occurred while \output is active
[][][] [][]
 []

[25

]
Overfull \hbox (1.18057pt too wide) has occurred while \output is active
[][][] [][]
 []


Overfull \hbox (1.18057pt too wide) has occurred while \output is active
[][][] [][]
 []


Overfull \hbox (1.18057pt too wide) has occurred while \output is active
[][][] [][]
 []


Overfull \hbox (1.18057pt too wide) has occurred while \output is active
[][][] [][]
 []

[26

]
Overfull \hbox (1.18057pt too wide) has occurred while \output is active
[][][] [][]
 []


Overfull \hbox (1.18057pt too wide) has occurred while \output is active
[][][] [][]
 []


Overfull \hbox (1.18057pt too wide) has occurred while \output is active
[][][] [][]
 []


Overfull \hbox (1.18057pt too wide) has occurred while \output is active
[][][] [][]
 []

[27

]
Overfull \hbox (1.18057pt too wide) has occurred while \output is active
[][][] [][]
 []


Overfull \hbox (1.18057pt too wide) has occurred while \output is active
[][][] [][]
 []


Overfull \hbox (1.18057pt too wide) has occurred while \output is active
[][][] [][]
 []


Overfull \hbox (1.18057pt too wide) has occurred while \output is active
[][][] [][]
 []

[28

]
Overfull \hbox (1.18057pt too wide) has occurred while \output is active
[][][] [][]
 []


Overfull \hbox (1.18057pt too wide) has occurred while \output is active
[][][] [][]
 []


Overfull \hbox (1.18057pt too wide) has occurred while \output is active
[][][] [][]
 []


Overfull \hbox (1.18057pt too wide) has occurred while \output is active
[][][] [][]
 []

[29

]
Package epstopdf Info: Source file: <surf1.eps>
(epstopdf)                    date: 2019-10-07 23:08:25
(epstopdf)                    size: 54015 bytes
(epstopdf)             Output file: <surf1-eps-converted-to.pdf>
(epstopdf)                    date: 2019-10-07 23:09:14
(epstopdf)                    size: 11057 bytes
(epstopdf)             Command: <epstopdf --outfile=surf1-eps-converted-to.pdf 
surf1.eps>
(epstopdf)             \includegraphics on input line 894.
Package epstopdf Info: Output file is already uptodate.


pdfTeX warning: pdflatex.exe (file ./surf1-eps-converted-to.pdf): PDF inclusion
: found PDF version <1.7>, but at most version <1.5> allowed
<surf1-eps-converted-to.pdf, id=644, 1336.995pt x 758.835pt>
File: surf1-eps-converted-to.pdf Graphic file (type pdf)
<use surf1-eps-converted-to.pdf>
Package pdftex.def Info: surf1-eps-converted-to.pdf  used on input line 894.
(pdftex.def)             Requested size: 136.63171pt x 77.54372pt.
Package epstopdf Info: Source file: <surf2.eps>
(epstopdf)                    date: 2019-10-07 23:08:25
(epstopdf)                    size: 66296 bytes
(epstopdf)             Output file: <surf2-eps-converted-to.pdf>
(epstopdf)                    date: 2019-10-07 23:09:14
(epstopdf)                    size: 14391 bytes
(epstopdf)             Command: <epstopdf --outfile=surf2-eps-converted-to.pdf 
surf2.eps>
(epstopdf)             \includegraphics on input line 894.
Package epstopdf Info: Output file is already uptodate.


pdfTeX warning: pdflatex.exe (file ./surf2-eps-converted-to.pdf): PDF inclusion
: found PDF version <1.7>, but at most version <1.5> allowed
<surf2-eps-converted-to.pdf, id=645, 1336.995pt x 758.835pt>
File: surf2-eps-converted-to.pdf Graphic file (type pdf)
<use surf2-eps-converted-to.pdf>
Package pdftex.def Info: surf2-eps-converted-to.pdf  used on input line 894.
(pdftex.def)             Requested size: 136.63171pt x 77.54372pt.

Overfull \hbox (1.18057pt too wide) has occurred while \output is active
[][][] [][]
 []


Overfull \hbox (1.18057pt too wide) has occurred while \output is active
[][][] [][]
 []


Overfull \hbox (1.18057pt too wide) has occurred while \output is active
[][][] [][]
 []


Overfull \hbox (1.18057pt too wide) has occurred while \output is active
[][][] [][]
 []

[30

 <./surf1-eps-converted-to.pdf> <./surf2-eps-converted-to.pdf>]
Overfull \hbox (1.18057pt too wide) has occurred while \output is active
[][][] [][]
 []


Overfull \hbox (1.18057pt too wide) has occurred while \output is active
[][][] [][]
 []


Overfull \hbox (1.18057pt too wide) has occurred while \output is active
[][][] [][]
 []


Overfull \hbox (1.18057pt too wide) has occurred while \output is active
[][][] [][]
 []

[31

]
Overfull \hbox (1.18057pt too wide) has occurred while \output is active
[][][] [][]
 []


Overfull \hbox (1.18057pt too wide) has occurred while \output is active
[][][] [][]
 []


Overfull \hbox (1.18057pt too wide) has occurred while \output is active
[][][] [][]
 []


Overfull \hbox (1.18057pt too wide) has occurred while \output is active
[][][] [][]
 []

[32

]
Overfull \hbox (10.68524pt too wide) detected at line 943
[] \OT1/lmr/m/n/10 = []\OML/lmm/m/it/10 \OT1/lmr/m/n/10 (\OML/lmm/m/it/10 T[];
 K\OT1/lmr/m/n/10 )[]\OML/lmm/m/it/10 K[][]; T \OMS/lmsy/m/n/10 2 \OT1/lmr/m/n/
10 [\OML/lmm/m/it/10 T[]; T[]\OT1/lmr/m/n/10 )
 []


Overfull \hbox (1.18057pt too wide) has occurred while \output is active
[][][] [][]
 []


Overfull \hbox (1.18057pt too wide) has occurred while \output is active
[][][] [][]
 []


Overfull \hbox (1.18057pt too wide) has occurred while \output is active
[][][] [][]
 []


Overfull \hbox (1.18057pt too wide) has occurred while \output is active
[][][] [][]
 []

[33

]
Overfull \hbox (1.18057pt too wide) has occurred while \output is active
[][][] [][]
 []


Overfull \hbox (1.18057pt too wide) has occurred while \output is active
[][][] [][]
 []


Overfull \hbox (1.18057pt too wide) has occurred while \output is active
[][][] [][]
 []


Overfull \hbox (1.18057pt too wide) has occurred while \output is active
[][][] [][]
 []

[34

]
\openout4 = `SeminarSlidesV2.vrb'.

 (SeminarSlidesV2.vrbpdfTeX warning (ext4): destination with the same identifie
r (name{fig:RNNModel}) has been already used, duplicate ignored
<to be read again> 
                   \relax 
l.273 	\label{fig:RNNModel}
                           )
Overfull \hbox (1.18057pt too wide) has occurred while \output is active
[][][] [][]
 []


Overfull \hbox (1.18057pt too wide) has occurred while \output is active
[][][] [][]
 []


Overfull \hbox (1.18057pt too wide) has occurred while \output is active
[][][] [][]
 []


Overfull \hbox (1.18057pt too wide) has occurred while \output is active
[][][] [][]
 []

[35

]
Overfull \hbox (1.18057pt too wide) has occurred while \output is active
[][][] [][]
 []


Overfull \hbox (1.18057pt too wide) has occurred while \output is active
[][][] [][]
 []


Overfull \hbox (1.18057pt too wide) has occurred while \output is active
[][][] [][]
 []


Overfull \hbox (1.18057pt too wide) has occurred while \output is active
[][][] [][]
 []

[36

]
Overfull \hbox (1.18057pt too wide) has occurred while \output is active
[][][] [][]
 []


Overfull \hbox (1.18057pt too wide) has occurred while \output is active
[][][] [][]
 []


Overfull \hbox (1.18057pt too wide) has occurred while \output is active
[][][] [][]
 []


Overfull \hbox (1.18057pt too wide) has occurred while \output is active
[][][] [][]
 []

[37

]
Overfull \hbox (1.18057pt too wide) has occurred while \output is active
[][][] [][]
 []


Overfull \hbox (1.18057pt too wide) has occurred while \output is active
[][][] [][]
 []


Overfull \hbox (1.18057pt too wide) has occurred while \output is active
[][][] [][]
 []


Overfull \hbox (1.18057pt too wide) has occurred while \output is active
[][][] [][]
 []

[38

]
Overfull \hbox (1.18057pt too wide) has occurred while \output is active
[][][] [][]
 []


Overfull \hbox (1.18057pt too wide) has occurred while \output is active
[][][] [][]
 []


Overfull \hbox (1.18057pt too wide) has occurred while \output is active
[][][] [][]
 []


Overfull \hbox (1.18057pt too wide) has occurred while \output is active
[][][] [][]
 []

[39

]
Overfull \hbox (1.18057pt too wide) has occurred while \output is active
[][][] [][]
 []


Overfull \hbox (1.18057pt too wide) has occurred while \output is active
[][][] [][]
 []


Overfull \hbox (1.18057pt too wide) has occurred while \output is active
[][][] [][]
 []


Overfull \hbox (1.18057pt too wide) has occurred while \output is active
[][][] [][]
 []

[40

]
LaTeX Font Info:    Font shape `T1/lmss/m/it' in size <17.28> not available
(Font)              Font shape `T1/lmss/m/sl' tried instead on input line 1352.


Overfull \hbox (1.18057pt too wide) has occurred while \output is active
[][][] [][]
 []


Overfull \hbox (1.18057pt too wide) has occurred while \output is active
[][][] [][]
 []


Overfull \hbox (1.18057pt too wide) has occurred while \output is active
[][][] [][]
 []


Overfull \hbox (1.18057pt too wide) has occurred while \output is active
[][][] [][]
 []

[41

]
\tf@nav=\write7
\openout7 = `SeminarSlidesV2.nav'.

\tf@toc=\write8
\openout8 = `SeminarSlidesV2.toc'.

\tf@snm=\write9
\openout9 = `SeminarSlidesV2.snm'.

Package atveryend Info: Empty hook `BeforeClearDocument' on input line 1354.
Package atveryend Info: Empty hook `AfterLastShipout' on input line 1354.
 (SeminarSlidesV2.aux)
Package atveryend Info: Executing hook `AtVeryEndDocument' on input line 1354.
Package atveryend Info: Executing hook `AtEndAfterFileList' on input line 1354.

Package rerunfilecheck Info: File `SeminarSlidesV2.out' has not changed.
(rerunfilecheck)             Checksum: EDCB0B0B7393164CBC09A46D51B2E066;948.


LaTeX Warning: There were multiply-defined labels.

Package logreq Info: Writing requests to 'SeminarSlidesV2.run.xml'.
\openout1 = `SeminarSlidesV2.run.xml'.

 ) 
Here is how much of TeX's memory you used:
 33072 strings out of 492970
 668851 string characters out of 3126593
 1140857 words of memory out of 3000000
 36149 multiletter control sequences out of 15000+200000
 103988 words of font info for 78 fonts, out of 3000000 for 9000
 1141 hyphenation exceptions out of 8191
 53i,20n,82p,794b,1817s stack positions out of 5000i,500n,10000p,200000b,50000s
{C:/Users/nfswx/AppData/Local/Programs/MiKTeX 2.9/fonts/enc/dvips/lm/lm-ec.en
c}{C:/Users/nfswx/AppData/Local/Programs/MiKTeX 2.9/fonts/enc/dvips/lm/lm-rm.en
c}{C:/Users/nfswx/AppData/Local/Programs/MiKTeX 2.9/fonts/enc/dvips/lm/lm-mathi
t.enc}{C:/Users/nfswx/AppData/Local/Programs/MiKTeX 2.9/fonts/enc/dvips/lm/lm-m
athex.enc}{C:/Users/nfswx/AppData/Local/Programs/MiKTeX 2.9/fonts/enc/dvips/lm/
lm-mathsy.enc}<C:/Users/nfswx/AppData/Local/Programs/MiKTeX 2.9/fonts/type1/pub
lic/lm/lmbx10.pfb><C:/Users/nfswx/AppData/Local/Programs/MiKTeX 2.9/fonts/type1
/public/lm/lmcsc10.pfb><C:/Users/nfswx/AppData/Local/Programs/MiKTeX 2.9/fonts/
type1/public/lm/lmex10.pfb><C:/Users/nfswx/AppData/Local/Programs/MiKTeX 2.9/fo
nts/type1/public/lm/lmmi10.pfb><C:/Users/nfswx/AppData/Local/Programs/MiKTeX 2.
9/fonts/type1/public/lm/lmmi5.pfb><C:/Users/nfswx/AppData/Local/Programs/MiKTeX
 2.9/fonts/type1/public/lm/lmmi7.pfb><C:/Users/nfswx/AppData/Local/Programs/MiK
TeX 2.9/fonts/type1/public/lm/lmmi9.pfb><C:/Users/nfswx/AppData/Local/Programs/
MiKTeX 2.9/fonts/type1/public/lm/lmr10.pfb><C:/Users/nfswx/AppData/Local/Progra
ms/MiKTeX 2.9/fonts/type1/public/lm/lmr5.pfb><C:/Users/nfswx/AppData/Local/Prog
rams/MiKTeX 2.9/fonts/type1/public/lm/lmr6.pfb><C:/Users/nfswx/AppData/Local/Pr
ograms/MiKTeX 2.9/fonts/type1/public/lm/lmr7.pfb><C:/Users/nfswx/AppData/Local/
Programs/MiKTeX 2.9/fonts/type1/public/lm/lmss10.pfb><C:/Users/nfswx/AppData/Lo
cal/Programs/MiKTeX 2.9/fonts/type1/public/lm/lmss12.pfb><C:/Users/nfswx/AppDat
a/Local/Programs/MiKTeX 2.9/fonts/type1/public/lm/lmss8.pfb><C:/Users/nfswx/App
Data/Local/Programs/MiKTeX 2.9/fonts/type1/public/lm/lmss9.pfb><C:/Users/nfswx/
AppData/Local/Programs/MiKTeX 2.9/fonts/type1/public/lm/lmssbx10.pfb><C:/Users/
nfswx/AppData/Local/Programs/MiKTeX 2.9/fonts/type1/public/lm/lmsso17.pfb><C:/U
sers/nfswx/AppData/Local/Programs/MiKTeX 2.9/fonts/type1/public/lm/lmsy10.pfb><
C:/Users/nfswx/AppData/Local/Programs/MiKTeX 2.9/fonts/type1/public/lm/lmsy5.pf
b><C:/Users/nfswx/AppData/Local/Programs/MiKTeX 2.9/fonts/type1/public/lm/lmsy7
.pfb><C:/Users/nfswx/AppData/Local/Programs/MiKTeX 2.9/fonts/type1/public/amsfo
nts/symbols/msam10.pfb>
Output written on SeminarSlidesV2.pdf (41 pages, 637893 bytes).
PDF statistics:
 1003 PDF objects out of 1200 (max. 8388607)
 97 named destinations out of 1000 (max. 500000)
 162 words of extra memory for PDF output out of 10000 (max. 10000000)

